{"/home/travis/build/npmtest/node-npmtest-json-rpc2/test.js":{"path":"/home/travis/build/npmtest/node-npmtest-json-rpc2/test.js","s":{"1":2,"2":2,"3":2,"4":2,"5":2,"6":2,"7":2,"8":1,"9":2,"10":2,"11":1,"12":1,"13":1,"14":1,"15":2,"16":2,"17":2,"18":2,"19":1,"20":1,"21":2,"22":2,"23":2,"24":1,"25":1,"26":1,"27":1,"28":1,"29":1,"30":1,"31":1,"32":1,"33":1,"34":1,"35":1,"36":1,"37":1,"38":1,"39":2,"40":2,"41":1,"42":2,"43":2,"44":1,"45":2,"46":2,"47":1,"48":2,"49":2,"50":1,"51":1,"52":1,"53":1,"54":1},"b":{"1":[2,1,1,1],"2":[1,1,1,1],"3":[1,1],"4":[1,1],"5":[1,1],"6":[1,1],"7":[1,1],"8":[1,1],"9":[1,1],"10":[1,1,1],"11":[1,1],"12":[1,1],"13":[1,1],"14":[1,1],"15":[1,1],"16":[1,1],"17":[1,1]},"f":{"1":2,"2":2,"3":2,"4":2,"5":2,"6":1,"7":1,"8":1,"9":2,"10":2,"11":2,"12":2,"13":1},"fnMap":{"1":{"name":"(anonymous_1)","line":12,"loc":{"start":{"line":12,"column":1},"end":{"line":12,"column":13}}},"2":{"name":"(anonymous_2)","line":19,"loc":{"start":{"line":19,"column":5},"end":{"line":19,"column":17}}},"3":{"name":"(anonymous_3)","line":23,"loc":{"start":{"line":23,"column":24},"end":{"line":23,"column":36}}},"4":{"name":"(anonymous_4)","line":61,"loc":{"start":{"line":61,"column":5},"end":{"line":61,"column":17}}},"5":{"name":"(anonymous_5)","line":82,"loc":{"start":{"line":82,"column":5},"end":{"line":82,"column":17}}},"6":{"name":"(anonymous_6)","line":91,"loc":{"start":{"line":91,"column":77},"end":{"line":94,"column":10}}},"7":{"name":"(anonymous_7)","line":112,"loc":{"start":{"line":112,"column":83},"end":{"line":115,"column":10}},"skip":true},"8":{"name":"(anonymous_8)","line":123,"loc":{"start":{"line":123,"column":77},"end":{"line":126,"column":10}},"skip":true},"9":{"name":"(anonymous_9)","line":139,"loc":{"start":{"line":139,"column":12},"end":{"line":139,"column":40}},"skip":true},"10":{"name":"(anonymous_10)","line":147,"loc":{"start":{"line":147,"column":77},"end":{"line":150,"column":10}},"skip":true},"11":{"name":"(anonymous_11)","line":158,"loc":{"start":{"line":158,"column":83},"end":{"line":161,"column":10}},"skip":true},"12":{"name":"(anonymous_12)","line":169,"loc":{"start":{"line":169,"column":79},"end":{"line":172,"column":10}},"skip":true},"13":{"name":"(anonymous_13)","line":180,"loc":{"start":{"line":180,"column":75},"end":{"line":183,"column":10}},"skip":true}},"statementMap":{"1":{"start":{"line":12,"column":0},"end":{"line":195,"column":5}},"2":{"start":{"line":14,"column":4},"end":{"line":14,"column":14}},"3":{"start":{"line":19,"column":4},"end":{"line":56,"column":9}},"4":{"start":{"line":21,"column":8},"end":{"line":21,"column":19}},"5":{"start":{"line":23,"column":8},"end":{"line":35,"column":13}},"6":{"start":{"line":24,"column":12},"end":{"line":34,"column":13}},"7":{"start":{"line":25,"column":16},"end":{"line":28,"column":30}},"8":{"start":{"line":30,"column":16},"end":{"line":33,"column":27}},"9":{"start":{"line":37,"column":8},"end":{"line":39,"column":21}},"10":{"start":{"line":40,"column":8},"end":{"line":53,"column":9}},"11":{"start":{"line":43,"column":12},"end":{"line":46,"column":14}},"12":{"start":{"line":47,"column":12},"end":{"line":47,"column":18}},"13":{"start":{"line":50,"column":12},"end":{"line":51,"column":46}},"14":{"start":{"line":52,"column":12},"end":{"line":52,"column":18}},"15":{"start":{"line":55,"column":8},"end":{"line":55,"column":35}},"16":{"start":{"line":61,"column":4},"end":{"line":63,"column":9}},"17":{"start":{"line":62,"column":8},"end":{"line":62,"column":15}},"18":{"start":{"line":64,"column":4},"end":{"line":77,"column":5}},"19":{"start":{"line":70,"column":8},"end":{"line":70,"column":14}},"20":{"start":{"line":76,"column":8},"end":{"line":76,"column":14}},"21":{"start":{"line":82,"column":4},"end":{"line":84,"column":9}},"22":{"start":{"line":83,"column":8},"end":{"line":83,"column":15}},"23":{"start":{"line":85,"column":4},"end":{"line":194,"column":5}},"24":{"start":{"line":91,"column":8},"end":{"line":99,"column":10}},"25":{"start":{"line":98,"column":12},"end":{"line":98,"column":35}},"26":{"start":{"line":102,"column":8},"end":{"line":104,"column":63}},"27":{"start":{"line":105,"column":8},"end":{"line":105,"column":14}},"28":{"start":{"line":112,"column":8},"end":{"line":121,"column":10},"skip":true},"29":{"start":{"line":119,"column":12},"end":{"line":119,"column":55},"skip":true},"30":{"start":{"line":120,"column":12},"end":{"line":120,"column":48},"skip":true},"31":{"start":{"line":123,"column":8},"end":{"line":136,"column":10},"skip":true},"32":{"start":{"line":130,"column":12},"end":{"line":130,"column":76},"skip":true},"33":{"start":{"line":131,"column":12},"end":{"line":131,"column":73},"skip":true},"34":{"start":{"line":132,"column":12},"end":{"line":132,"column":74},"skip":true},"35":{"start":{"line":133,"column":12},"end":{"line":133,"column":79},"skip":true},"36":{"start":{"line":134,"column":12},"end":{"line":134,"column":25},"skip":true},"37":{"start":{"line":135,"column":12},"end":{"line":135,"column":45},"skip":true},"38":{"start":{"line":138,"column":8},"end":{"line":145,"column":14},"skip":true},"39":{"start":{"line":143,"column":16},"end":{"line":143,"column":29},"skip":true},"40":{"start":{"line":144,"column":16},"end":{"line":144,"column":55},"skip":true},"41":{"start":{"line":147,"column":8},"end":{"line":156,"column":10},"skip":true},"42":{"start":{"line":154,"column":12},"end":{"line":154,"column":25},"skip":true},"43":{"start":{"line":155,"column":12},"end":{"line":155,"column":45},"skip":true},"44":{"start":{"line":158,"column":8},"end":{"line":167,"column":10},"skip":true},"45":{"start":{"line":165,"column":12},"end":{"line":165,"column":25},"skip":true},"46":{"start":{"line":166,"column":12},"end":{"line":166,"column":48},"skip":true},"47":{"start":{"line":169,"column":8},"end":{"line":178,"column":10},"skip":true},"48":{"start":{"line":176,"column":12},"end":{"line":176,"column":25},"skip":true},"49":{"start":{"line":177,"column":12},"end":{"line":177,"column":46},"skip":true},"50":{"start":{"line":180,"column":8},"end":{"line":189,"column":10},"skip":true},"51":{"start":{"line":187,"column":12},"end":{"line":187,"column":94},"skip":true},"52":{"start":{"line":188,"column":12},"end":{"line":188,"column":48},"skip":true},"53":{"start":{"line":192,"column":8},"end":{"line":192,"column":35},"skip":true},"54":{"start":{"line":193,"column":8},"end":{"line":193,"column":14},"skip":true}},"branchMap":{"1":{"line":25,"type":"binary-expr","locations":[{"start":{"line":25,"column":23},"end":{"line":25,"column":62}},{"start":{"line":26,"column":20},"end":{"line":26,"column":70}},{"start":{"line":27,"column":20},"end":{"line":27,"column":71}},{"start":{"line":28,"column":20},"end":{"line":28,"column":29}}]},"2":{"line":30,"type":"binary-expr","locations":[{"start":{"line":30,"column":23},"end":{"line":30,"column":37}},{"start":{"line":31,"column":20},"end":{"line":31,"column":61}},{"start":{"line":32,"column":20},"end":{"line":32,"column":70}},{"start":{"line":33,"column":20},"end":{"line":33,"column":26}}]},"3":{"line":37,"type":"cond-expr","locations":[{"start":{"line":38,"column":14},"end":{"line":38,"column":20}},{"start":{"line":39,"column":14},"end":{"line":39,"column":20}}]},"4":{"line":40,"type":"switch","locations":[{"start":{"line":42,"column":8},"end":{"line":47,"column":18}},{"start":{"line":49,"column":8},"end":{"line":52,"column":18}}]},"5":{"line":44,"type":"binary-expr","locations":[{"start":{"line":44,"column":16},"end":{"line":44,"column":44}},{"start":{"line":44,"column":48},"end":{"line":44,"column":66}}]},"6":{"line":50,"type":"binary-expr","locations":[{"start":{"line":50,"column":21},"end":{"line":50,"column":49}},{"start":{"line":50,"column":53},"end":{"line":50,"column":72}}]},"7":{"line":64,"type":"switch","locations":[{"start":{"line":69,"column":4},"end":{"line":70,"column":14}},{"start":{"line":75,"column":4},"end":{"line":76,"column":14}}]},"8":{"line":85,"type":"switch","locations":[{"start":{"line":90,"column":4},"end":{"line":105,"column":14}},{"start":{"line":111,"column":4},"end":{"line":193,"column":14},"skip":true}]},"9":{"line":91,"type":"binary-expr","locations":[{"start":{"line":91,"column":42},"end":{"line":91,"column":73}},{"start":{"line":91,"column":77},"end":{"line":99,"column":9}}]},"10":{"line":102,"type":"binary-expr","locations":[{"start":{"line":102,"column":18},"end":{"line":102,"column":32}},{"start":{"line":103,"column":12},"end":{"line":103,"column":53}},{"start":{"line":104,"column":12},"end":{"line":104,"column":61}}]},"11":{"line":112,"type":"binary-expr","locations":[{"start":{"line":112,"column":45},"end":{"line":112,"column":79},"skip":true},{"start":{"line":112,"column":83},"end":{"line":121,"column":9},"skip":true}]},"12":{"line":123,"type":"binary-expr","locations":[{"start":{"line":123,"column":42},"end":{"line":123,"column":73},"skip":true},{"start":{"line":123,"column":77},"end":{"line":136,"column":9},"skip":true}]},"13":{"line":138,"type":"binary-expr","locations":[{"start":{"line":138,"column":48},"end":{"line":138,"column":85},"skip":true},{"start":{"line":139,"column":12},"end":{"line":145,"column":13},"skip":true}]},"14":{"line":147,"type":"binary-expr","locations":[{"start":{"line":147,"column":42},"end":{"line":147,"column":73},"skip":true},{"start":{"line":147,"column":77},"end":{"line":156,"column":9},"skip":true}]},"15":{"line":158,"type":"binary-expr","locations":[{"start":{"line":158,"column":45},"end":{"line":158,"column":79},"skip":true},{"start":{"line":158,"column":83},"end":{"line":167,"column":9},"skip":true}]},"16":{"line":169,"type":"binary-expr","locations":[{"start":{"line":169,"column":43},"end":{"line":169,"column":75},"skip":true},{"start":{"line":169,"column":79},"end":{"line":178,"column":9},"skip":true}]},"17":{"line":180,"type":"binary-expr","locations":[{"start":{"line":180,"column":41},"end":{"line":180,"column":71},"skip":true},{"start":{"line":180,"column":75},"end":{"line":189,"column":9},"skip":true}]}},"code":["/* istanbul instrument in package npmtest_json_rpc2 */","/*jslint","    bitwise: true,","    browser: true,","    maxerr: 8,","    maxlen: 96,","    node: true,","    nomen: true,","    regexp: true,","    stupid: true","*/","(function () {","    'use strict';","    var local;","","","","    // run shared js-env code - pre-init","    (function () {","        // init local","        local = {};","        // init modeJs","        local.modeJs = (function () {","            try {","                return typeof navigator.userAgent === 'string' &&","                    typeof document.querySelector('body') === 'object' &&","                    typeof XMLHttpRequest.prototype.open === 'function' &&","                    'browser';","            } catch (errorCaughtBrowser) {","                return module.exports &&","                    typeof process.versions.node === 'string' &&","                    typeof require('http').createServer === 'function' &&","                    'node';","            }","        }());","        // init global","        local.global = local.modeJs === 'browser'","            ? window","            : global;","        switch (local.modeJs) {","        // re-init local from window.local","        case 'browser':","            local = local.global.utility2.objectSetDefault(","                local.global.utility2_rollup || local.global.local,","                local.global.utility2","            );","            break;","        // re-init local from example.js","        case 'node':","            local = (local.global.utility2_rollup || require('utility2'))","                .requireExampleJsFromReadme();","            break;","        }","        // export local","        local.global.local = local;","    }());","","","","    // run shared js-env code - function","    (function () {","        return;","    }());","    switch (local.modeJs) {","","","","    // run browser js-env code - function","    case 'browser':","        break;","","","","    // run node js-env code - function","    case 'node':","        break;","    }","","","","    // run shared js-env code - post-init","    (function () {","        return;","    }());","    switch (local.modeJs) {","","","","    // run browser js-env code - post-init","    case 'browser':","        local.testCase_browser_nullCase = local.testCase_browser_nullCase || function (","            options,","            onError","        ) {","        /*","         * this function will test browsers's null-case handling-behavior-behavior","         */","            onError(null, options);","        };","","        // run tests","        local.nop(local.modeTest &&","            document.querySelector('#testRunButton1') &&","            document.querySelector('#testRunButton1').click());","        break;","","","","    // run node js-env code - post-init","    /* istanbul ignore next */","    case 'node':","        local.testCase_buildApidoc_default = local.testCase_buildApidoc_default || function (","            options,","            onError","        ) {","        /*","         * this function will test buildApidoc's default handling-behavior-behavior","         */","            options = { modulePathList: module.paths };","            local.buildApidoc(options, onError);","        };","","        local.testCase_buildApp_default = local.testCase_buildApp_default || function (","            options,","            onError","        ) {","        /*","         * this function will test buildApp's default handling-behavior-behavior","         */","            local.testCase_buildReadme_default(options, local.onErrorThrow);","            local.testCase_buildLib_default(options, local.onErrorThrow);","            local.testCase_buildTest_default(options, local.onErrorThrow);","            local.testCase_buildCustomOrg_default(options, local.onErrorThrow);","            options = [];","            local.buildApp(options, onError);","        };","","        local.testCase_buildCustomOrg_default = local.testCase_buildCustomOrg_default ||","            function (options, onError) {","            /*","             * this function will test buildCustomOrg's default handling-behavior","             */","                options = {};","                local.buildCustomOrg(options, onError);","            };","","        local.testCase_buildLib_default = local.testCase_buildLib_default || function (","            options,","            onError","        ) {","        /*","         * this function will test buildLib's default handling-behavior","         */","            options = {};","            local.buildLib(options, onError);","        };","","        local.testCase_buildReadme_default = local.testCase_buildReadme_default || function (","            options,","            onError","        ) {","        /*","         * this function will test buildReadme's default handling-behavior-behavior","         */","            options = {};","            local.buildReadme(options, onError);","        };","","        local.testCase_buildTest_default = local.testCase_buildTest_default || function (","            options,","            onError","        ) {","        /*","         * this function will test buildTest's default handling-behavior","         */","            options = {};","            local.buildTest(options, onError);","        };","","        local.testCase_webpage_default = local.testCase_webpage_default || function (","            options,","            onError","        ) {","        /*","         * this function will test webpage's default handling-behavior","         */","            options = { modeCoverageMerge: true, url: local.serverLocalHost + '?modeTest=1' };","            local.browserTest(options, onError);","        };","","        // run test-server","        local.testRunServer(local);","        break;","    }","}());",""],"l":{"12":2,"14":2,"19":2,"21":2,"23":2,"24":2,"25":2,"30":1,"37":2,"40":2,"43":1,"47":1,"50":1,"52":1,"55":2,"61":2,"62":2,"64":2,"70":1,"76":1,"82":2,"83":2,"85":2,"91":1,"98":1,"102":1,"105":1,"112":1,"119":1,"120":1,"123":1,"130":1,"131":1,"132":1,"133":1,"134":1,"135":1,"138":1,"143":2,"144":2,"147":1,"154":2,"155":2,"158":1,"165":2,"166":2,"169":1,"176":2,"177":2,"180":1,"187":1,"188":1,"192":1,"193":1}},"/home/travis/build/npmtest/node-npmtest-json-rpc2/lib.npmtest_json_rpc2.js":{"path":"/home/travis/build/npmtest/node-npmtest-json-rpc2/lib.npmtest_json_rpc2.js","s":{"1":2,"2":2,"3":2,"4":2,"5":2,"6":2,"7":2,"8":1,"9":2,"10":2,"11":2,"12":2,"13":1,"14":1,"15":1,"16":1},"b":{"1":[2,1,1,1],"2":[1,1,1,1],"3":[1,1],"4":[2,2],"5":[1,1]},"f":{"1":2,"2":2,"3":2},"fnMap":{"1":{"name":"(anonymous_1)","line":12,"loc":{"start":{"line":12,"column":1},"end":{"line":12,"column":13}}},"2":{"name":"(anonymous_2)","line":19,"loc":{"start":{"line":19,"column":5},"end":{"line":19,"column":17}}},"3":{"name":"(anonymous_3)","line":23,"loc":{"start":{"line":23,"column":24},"end":{"line":23,"column":36}}}},"statementMap":{"1":{"start":{"line":12,"column":0},"end":{"line":53,"column":5}},"2":{"start":{"line":14,"column":4},"end":{"line":14,"column":14}},"3":{"start":{"line":19,"column":4},"end":{"line":52,"column":9}},"4":{"start":{"line":21,"column":8},"end":{"line":21,"column":19}},"5":{"start":{"line":23,"column":8},"end":{"line":35,"column":13}},"6":{"start":{"line":24,"column":12},"end":{"line":34,"column":13}},"7":{"start":{"line":25,"column":16},"end":{"line":28,"column":30}},"8":{"start":{"line":30,"column":16},"end":{"line":33,"column":27}},"9":{"start":{"line":37,"column":8},"end":{"line":39,"column":21}},"10":{"start":{"line":41,"column":8},"end":{"line":41,"column":54}},"11":{"start":{"line":43,"column":8},"end":{"line":43,"column":54}},"12":{"start":{"line":45,"column":8},"end":{"line":51,"column":9}},"13":{"start":{"line":46,"column":12},"end":{"line":46,"column":60}},"14":{"start":{"line":48,"column":12},"end":{"line":48,"column":35}},"15":{"start":{"line":49,"column":12},"end":{"line":49,"column":49}},"16":{"start":{"line":50,"column":12},"end":{"line":50,"column":43}}},"branchMap":{"1":{"line":25,"type":"binary-expr","locations":[{"start":{"line":25,"column":23},"end":{"line":25,"column":62}},{"start":{"line":26,"column":20},"end":{"line":26,"column":70}},{"start":{"line":27,"column":20},"end":{"line":27,"column":71}},{"start":{"line":28,"column":20},"end":{"line":28,"column":29}}]},"2":{"line":30,"type":"binary-expr","locations":[{"start":{"line":30,"column":23},"end":{"line":30,"column":37}},{"start":{"line":31,"column":20},"end":{"line":31,"column":61}},{"start":{"line":32,"column":20},"end":{"line":32,"column":70}},{"start":{"line":33,"column":20},"end":{"line":33,"column":26}}]},"3":{"line":37,"type":"cond-expr","locations":[{"start":{"line":38,"column":14},"end":{"line":38,"column":20}},{"start":{"line":39,"column":14},"end":{"line":39,"column":20}}]},"4":{"line":41,"type":"binary-expr","locations":[{"start":{"line":41,"column":16},"end":{"line":41,"column":44}},{"start":{"line":41,"column":48},"end":{"line":41,"column":53}}]},"5":{"line":45,"type":"if","locations":[{"start":{"line":45,"column":8},"end":{"line":45,"column":8}},{"start":{"line":45,"column":8},"end":{"line":45,"column":8}}]}},"code":["/* istanbul instrument in package npmtest_json_rpc2 */","/*jslint","    bitwise: true,","    browser: true,","    maxerr: 8,","    maxlen: 96,","    node: true,","    nomen: true,","    regexp: true,","    stupid: true","*/","(function () {","    'use strict';","    var local;","","","","    // run shared js-env code - pre-init","    (function () {","        // init local","        local = {};","        // init modeJs","        local.modeJs = (function () {","            try {","                return typeof navigator.userAgent === 'string' &&","                    typeof document.querySelector('body') === 'object' &&","                    typeof XMLHttpRequest.prototype.open === 'function' &&","                    'browser';","            } catch (errorCaughtBrowser) {","                return module.exports &&","                    typeof process.versions.node === 'string' &&","                    typeof require('http').createServer === 'function' &&","                    'node';","            }","        }());","        // init global","        local.global = local.modeJs === 'browser'","            ? window","            : global;","        // init utility2_rollup","        local = local.global.utility2_rollup || local;","        // init lib","        local.local = local.npmtest_json_rpc2 = local;","        // init exports","        if (local.modeJs === 'browser') {","            local.global.utility2_npmtest_json_rpc2 = local;","        } else {","            module.exports = local;","            module.exports.__dirname = __dirname;","            module.exports.module = module;","        }","    }());","}());",""],"l":{"12":2,"14":2,"19":2,"21":2,"23":2,"24":2,"25":2,"30":1,"37":2,"41":2,"43":2,"45":2,"46":1,"48":1,"49":1,"50":1}},"/home/travis/build/npmtest/node-npmtest-json-rpc2/example.js":{"path":"/home/travis/build/npmtest/node-npmtest-json-rpc2/example.js","s":{"1":2,"2":2,"3":2,"4":2,"5":2,"6":2,"7":2,"8":1,"9":2,"10":2,"11":2,"12":2,"13":1,"14":2,"15":2,"16":2,"17":2,"18":2,"19":0,"20":2,"21":1,"22":1,"23":1,"24":1,"25":1,"26":0,"27":0,"28":1,"29":1,"30":2,"31":0,"32":0,"33":0,"34":1,"35":2,"36":2,"37":3,"38":3,"39":3,"40":3,"41":0,"42":3,"43":3,"44":3,"45":1,"46":3,"47":1,"48":1,"49":1,"50":1,"51":1,"52":1,"53":1,"54":1,"55":1,"56":1,"57":0,"58":1,"59":6,"60":6,"61":1,"62":2,"63":0,"64":2,"65":1,"66":1,"67":0,"68":0,"69":0,"70":0,"71":0,"72":0,"73":0,"74":0,"75":0,"76":0,"77":0,"78":0,"79":0,"80":0,"81":0,"82":0,"83":0},"b":{"1":[2,1,1,1],"2":[1,1,1,1],"3":[1,1],"4":[2,2],"5":[1,1],"6":[1,1],"7":[2,0],"8":[2,1,1,1,1,1],"9":[0,2,0],"10":[1,1],"11":[2,1,1],"12":[1,0],"13":[0,2],"14":[2,0,0,0,0,0,0],"15":[0,3],"16":[3,0],"17":[1,1],"18":[0,1],"19":[1,2,0,2],"20":[1,0],"21":[1,1],"22":[0,0],"23":[0,0],"24":[0,0],"25":[0,0],"26":[0,0],"27":[0,0],"28":[0,0]},"f":{"1":2,"2":2,"3":2,"4":2,"5":2,"6":2,"7":3,"8":3,"9":3,"10":1,"11":6,"12":0},"fnMap":{"1":{"name":"(anonymous_1)","line":26,"loc":{"start":{"line":26,"column":1},"end":{"line":26,"column":13}}},"2":{"name":"(anonymous_2)","line":33,"loc":{"start":{"line":33,"column":5},"end":{"line":33,"column":17}}},"3":{"name":"(anonymous_3)","line":37,"loc":{"start":{"line":37,"column":24},"end":{"line":37,"column":36}}},"4":{"name":"(anonymous_4)","line":69,"loc":{"start":{"line":69,"column":31},"end":{"line":69,"column":48}},"skip":true},"5":{"name":"(anonymous_5)","line":78,"loc":{"start":{"line":78,"column":26},"end":{"line":78,"column":45}},"skip":true},"6":{"name":"(anonymous_6)","line":123,"loc":{"start":{"line":123,"column":33},"end":{"line":123,"column":48}},"skip":true},"7":{"name":"(anonymous_7)","line":125,"loc":{"start":{"line":125,"column":27},"end":{"line":125,"column":39}},"skip":true},"8":{"name":"(anonymous_8)","line":133,"loc":{"start":{"line":133,"column":59},"end":{"line":133,"column":74}},"skip":true},"9":{"name":"(anonymous_9)","line":143,"loc":{"start":{"line":143,"column":45},"end":{"line":143,"column":62}},"skip":true},"10":{"name":"(anonymous_10)","line":144,"loc":{"start":{"line":144,"column":73},"end":{"line":144,"column":92}},"skip":true},"11":{"name":"(anonymous_11)","line":272,"loc":{"start":{"line":272,"column":51},"end":{"line":272,"column":77}},"skip":true},"12":{"name":"(anonymous_12)","line":315,"loc":{"start":{"line":315,"column":32},"end":{"line":315,"column":61}},"skip":true}},"statementMap":{"1":{"start":{"line":26,"column":0},"end":{"line":326,"column":5}},"2":{"start":{"line":28,"column":4},"end":{"line":28,"column":14}},"3":{"start":{"line":33,"column":4},"end":{"line":60,"column":9}},"4":{"start":{"line":35,"column":8},"end":{"line":35,"column":19}},"5":{"start":{"line":37,"column":8},"end":{"line":49,"column":13}},"6":{"start":{"line":38,"column":12},"end":{"line":48,"column":13}},"7":{"start":{"line":39,"column":16},"end":{"line":42,"column":30}},"8":{"start":{"line":44,"column":16},"end":{"line":47,"column":27}},"9":{"start":{"line":51,"column":8},"end":{"line":53,"column":21}},"10":{"start":{"line":55,"column":8},"end":{"line":57,"column":45}},"11":{"start":{"line":59,"column":8},"end":{"line":59,"column":35}},"12":{"start":{"line":61,"column":4},"end":{"line":325,"column":5}},"13":{"start":{"line":69,"column":8},"end":{"line":121,"column":10},"skip":true},"14":{"start":{"line":70,"column":12},"end":{"line":88,"column":13},"skip":true},"15":{"start":{"line":76,"column":16},"end":{"line":87,"column":19},"skip":true},"16":{"start":{"line":79,"column":20},"end":{"line":86,"column":21},"skip":true},"17":{"start":{"line":82,"column":24},"end":{"line":82,"column":43},"skip":true},"18":{"start":{"line":83,"column":24},"end":{"line":83,"column":30},"skip":true},"19":{"start":{"line":85,"column":24},"end":{"line":85,"column":49},"skip":true},"20":{"start":{"line":89,"column":12},"end":{"line":107,"column":13},"skip":true},"21":{"start":{"line":92,"column":16},"end":{"line":102,"column":17},"skip":true},"22":{"start":{"line":93,"column":20},"end":{"line":93,"column":86},"skip":true},"23":{"start":{"line":94,"column":20},"end":{"line":95,"column":45},"skip":true},"24":{"start":{"line":96,"column":20},"end":{"line":96,"column":42},"skip":true},"25":{"start":{"line":97,"column":20},"end":{"line":97,"column":48},"skip":true},"26":{"start":{"line":100,"column":20},"end":{"line":100,"column":85},"skip":true},"27":{"start":{"line":101,"column":20},"end":{"line":101,"column":96},"skip":true},"28":{"start":{"line":103,"column":16},"end":{"line":103,"column":22},"skip":true},"29":{"start":{"line":106,"column":16},"end":{"line":106,"column":22},"skip":true},"30":{"start":{"line":108,"column":12},"end":{"line":120,"column":13},"skip":true},"31":{"start":{"line":114,"column":16},"end":{"line":119,"column":17},"skip":true},"32":{"start":{"line":116,"column":20},"end":{"line":116,"column":78},"skip":true},"33":{"start":{"line":118,"column":20},"end":{"line":118,"column":47},"skip":true},"34":{"start":{"line":123,"column":8},"end":{"line":141,"column":11},"skip":true},"35":{"start":{"line":124,"column":12},"end":{"line":124,"column":54},"skip":true},"36":{"start":{"line":125,"column":12},"end":{"line":140,"column":14},"skip":true},"37":{"start":{"line":126,"column":16},"end":{"line":126,"column":28},"skip":true},"38":{"start":{"line":127,"column":16},"end":{"line":127,"column":69},"skip":true},"39":{"start":{"line":128,"column":16},"end":{"line":128,"column":75},"skip":true},"40":{"start":{"line":129,"column":16},"end":{"line":131,"column":17},"skip":true},"41":{"start":{"line":130,"column":20},"end":{"line":130,"column":27},"skip":true},"42":{"start":{"line":133,"column":16},"end":{"line":137,"column":36},"skip":true},"43":{"start":{"line":134,"column":20},"end":{"line":136,"column":55},"skip":true},"44":{"start":{"line":139,"column":16},"end":{"line":139,"column":57},"skip":true},"45":{"start":{"line":143,"column":8},"end":{"line":147,"column":11},"skip":true},"46":{"start":{"line":144,"column":12},"end":{"line":146,"column":15},"skip":true},"47":{"start":{"line":145,"column":16},"end":{"line":145,"column":70},"skip":true},"48":{"start":{"line":149,"column":8},"end":{"line":149,"column":31},"skip":true},"49":{"start":{"line":150,"column":8},"end":{"line":150,"column":14},"skip":true},"50":{"start":{"line":158,"column":8},"end":{"line":158,"column":31},"skip":true},"51":{"start":{"line":160,"column":8},"end":{"line":160,"column":33},"skip":true},"52":{"start":{"line":161,"column":8},"end":{"line":161,"column":37},"skip":true},"53":{"start":{"line":162,"column":8},"end":{"line":162,"column":35},"skip":true},"54":{"start":{"line":164,"column":8},"end":{"line":164,"column":50},"skip":true},"55":{"start":{"line":166,"column":8},"end":{"line":256,"column":2},"skip":true},"56":{"start":{"line":258,"column":8},"end":{"line":286,"column":9},"skip":true},"57":{"start":{"line":259,"column":12},"end":{"line":269,"column":14},"skip":true},"58":{"start":{"line":271,"column":12},"end":{"line":285,"column":19},"skip":true},"59":{"start":{"line":274,"column":20},"end":{"line":274,"column":35},"skip":true},"60":{"start":{"line":275,"column":20},"end":{"line":284,"column":21},"skip":true},"61":{"start":{"line":277,"column":24},"end":{"line":277,"column":64},"skip":true},"62":{"start":{"line":279,"column":24},"end":{"line":279,"column":40},"skip":true},"63":{"start":{"line":281,"column":24},"end":{"line":281,"column":40},"skip":true},"64":{"start":{"line":283,"column":24},"end":{"line":283,"column":39},"skip":true},"65":{"start":{"line":288,"column":8},"end":{"line":290,"column":9},"skip":true},"66":{"start":{"line":289,"column":12},"end":{"line":289,"column":18},"skip":true},"67":{"start":{"line":291,"column":8},"end":{"line":293,"column":54},"skip":true},"68":{"start":{"line":296,"column":8},"end":{"line":301,"column":37},"skip":true},"69":{"start":{"line":303,"column":8},"end":{"line":303,"column":82},"skip":true},"70":{"start":{"line":306,"column":8},"end":{"line":308,"column":9},"skip":true},"71":{"start":{"line":307,"column":12},"end":{"line":307,"column":82},"skip":true},"72":{"start":{"line":310,"column":8},"end":{"line":312,"column":9},"skip":true},"73":{"start":{"line":311,"column":12},"end":{"line":311,"column":18},"skip":true},"74":{"start":{"line":313,"column":8},"end":{"line":313,"column":54},"skip":true},"75":{"start":{"line":314,"column":8},"end":{"line":314,"column":69},"skip":true},"76":{"start":{"line":315,"column":8},"end":{"line":323,"column":36},"skip":true},"77":{"start":{"line":316,"column":12},"end":{"line":316,"column":61},"skip":true},"78":{"start":{"line":317,"column":12},"end":{"line":320,"column":13},"skip":true},"79":{"start":{"line":318,"column":16},"end":{"line":318,"column":75},"skip":true},"80":{"start":{"line":319,"column":16},"end":{"line":319,"column":23},"skip":true},"81":{"start":{"line":321,"column":12},"end":{"line":321,"column":38},"skip":true},"82":{"start":{"line":322,"column":12},"end":{"line":322,"column":27},"skip":true},"83":{"start":{"line":324,"column":8},"end":{"line":324,"column":14},"skip":true}},"branchMap":{"1":{"line":39,"type":"binary-expr","locations":[{"start":{"line":39,"column":23},"end":{"line":39,"column":62}},{"start":{"line":40,"column":20},"end":{"line":40,"column":70}},{"start":{"line":41,"column":20},"end":{"line":41,"column":71}},{"start":{"line":42,"column":20},"end":{"line":42,"column":29}}]},"2":{"line":44,"type":"binary-expr","locations":[{"start":{"line":44,"column":23},"end":{"line":44,"column":37}},{"start":{"line":45,"column":20},"end":{"line":45,"column":61}},{"start":{"line":46,"column":20},"end":{"line":46,"column":70}},{"start":{"line":47,"column":20},"end":{"line":47,"column":26}}]},"3":{"line":51,"type":"cond-expr","locations":[{"start":{"line":52,"column":14},"end":{"line":52,"column":20}},{"start":{"line":53,"column":14},"end":{"line":53,"column":20}}]},"4":{"line":55,"type":"binary-expr","locations":[{"start":{"line":55,"column":16},"end":{"line":55,"column":44}},{"start":{"line":55,"column":49},"end":{"line":57,"column":43}}]},"5":{"line":55,"type":"cond-expr","locations":[{"start":{"line":56,"column":14},"end":{"line":56,"column":53}},{"start":{"line":57,"column":14},"end":{"line":57,"column":43}}]},"6":{"line":61,"type":"switch","locations":[{"start":{"line":68,"column":4},"end":{"line":150,"column":14},"skip":true},{"start":{"line":156,"column":4},"end":{"line":324,"column":14},"skip":true}]},"7":{"line":70,"type":"if","locations":[{"start":{"line":70,"column":12},"end":{"line":70,"column":12},"skip":true},{"start":{"line":70,"column":12},"end":{"line":70,"column":12},"skip":true}]},"8":{"line":70,"type":"binary-expr","locations":[{"start":{"line":70,"column":16},"end":{"line":70,"column":22},"skip":true},{"start":{"line":70,"column":27},"end":{"line":70,"column":32},"skip":true},{"start":{"line":71,"column":20},"end":{"line":71,"column":39},"skip":true},{"start":{"line":72,"column":20},"end":{"line":72,"column":49},"skip":true},{"start":{"line":73,"column":20},"end":{"line":73,"column":58},"skip":true},{"start":{"line":74,"column":20},"end":{"line":74,"column":69},"skip":true}]},"9":{"line":79,"type":"switch","locations":[{"start":{"line":80,"column":20},"end":{"line":80,"column":33},"skip":true},{"start":{"line":81,"column":20},"end":{"line":83,"column":30},"skip":true},{"start":{"line":84,"column":20},"end":{"line":85,"column":49},"skip":true}]},"10":{"line":89,"type":"switch","locations":[{"start":{"line":90,"column":12},"end":{"line":103,"column":22},"skip":true},{"start":{"line":105,"column":12},"end":{"line":106,"column":22},"skip":true}]},"11":{"line":89,"type":"binary-expr","locations":[{"start":{"line":89,"column":20},"end":{"line":89,"column":25},"skip":true},{"start":{"line":89,"column":29},"end":{"line":89,"column":48},"skip":true},{"start":{"line":89,"column":52},"end":{"line":89,"column":74},"skip":true}]},"12":{"line":92,"type":"if","locations":[{"start":{"line":92,"column":16},"end":{"line":92,"column":16},"skip":true},{"start":{"line":92,"column":16},"end":{"line":92,"column":16},"skip":true}]},"13":{"line":108,"type":"if","locations":[{"start":{"line":108,"column":12},"end":{"line":108,"column":12},"skip":true},{"start":{"line":108,"column":12},"end":{"line":108,"column":12},"skip":true}]},"14":{"line":108,"type":"binary-expr","locations":[{"start":{"line":108,"column":16},"end":{"line":108,"column":61},"skip":true},{"start":{"line":108,"column":66},"end":{"line":108,"column":72},"skip":true},{"start":{"line":108,"column":77},"end":{"line":108,"column":82},"skip":true},{"start":{"line":109,"column":20},"end":{"line":109,"column":39},"skip":true},{"start":{"line":110,"column":20},"end":{"line":110,"column":49},"skip":true},{"start":{"line":111,"column":20},"end":{"line":111,"column":58},"skip":true},{"start":{"line":112,"column":20},"end":{"line":112,"column":68},"skip":true}]},"15":{"line":129,"type":"if","locations":[{"start":{"line":129,"column":16},"end":{"line":129,"column":16},"skip":true},{"start":{"line":129,"column":16},"end":{"line":129,"column":16},"skip":true}]},"16":{"line":134,"type":"cond-expr","locations":[{"start":{"line":135,"column":26},"end":{"line":135,"column":29},"skip":true},{"start":{"line":136,"column":26},"end":{"line":136,"column":54},"skip":true}]},"17":{"line":164,"type":"binary-expr","locations":[{"start":{"line":164,"column":27},"end":{"line":164,"column":43},"skip":true},{"start":{"line":164,"column":47},"end":{"line":164,"column":49},"skip":true}]},"18":{"line":258,"type":"if","locations":[{"start":{"line":258,"column":8},"end":{"line":258,"column":8},"skip":true},{"start":{"line":258,"column":8},"end":{"line":258,"column":8},"skip":true}]},"19":{"line":275,"type":"switch","locations":[{"start":{"line":276,"column":20},"end":{"line":277,"column":64},"skip":true},{"start":{"line":278,"column":20},"end":{"line":279,"column":40},"skip":true},{"start":{"line":280,"column":20},"end":{"line":281,"column":40},"skip":true},{"start":{"line":282,"column":20},"end":{"line":283,"column":39},"skip":true}]},"20":{"line":288,"type":"if","locations":[{"start":{"line":288,"column":8},"end":{"line":288,"column":8},"skip":true},{"start":{"line":288,"column":8},"end":{"line":288,"column":8},"skip":true}]},"21":{"line":288,"type":"binary-expr","locations":[{"start":{"line":288,"column":12},"end":{"line":288,"column":40},"skip":true},{"start":{"line":288,"column":44},"end":{"line":288,"column":67},"skip":true}]},"22":{"line":292,"type":"binary-expr","locations":[{"start":{"line":292,"column":12},"end":{"line":292,"column":50},"skip":true},{"start":{"line":293,"column":12},"end":{"line":293,"column":53},"skip":true}]},"23":{"line":297,"type":"binary-expr","locations":[{"start":{"line":297,"column":12},"end":{"line":297,"column":67},"skip":true},{"start":{"line":298,"column":12},"end":{"line":301,"column":36},"skip":true}]},"24":{"line":303,"type":"binary-expr","locations":[{"start":{"line":303,"column":43},"end":{"line":303,"column":75},"skip":true},{"start":{"line":303,"column":79},"end":{"line":303,"column":81},"skip":true}]},"25":{"line":306,"type":"if","locations":[{"start":{"line":306,"column":8},"end":{"line":306,"column":8},"skip":true},{"start":{"line":306,"column":8},"end":{"line":306,"column":8},"skip":true}]},"26":{"line":310,"type":"if","locations":[{"start":{"line":310,"column":8},"end":{"line":310,"column":8},"skip":true},{"start":{"line":310,"column":8},"end":{"line":310,"column":8},"skip":true}]},"27":{"line":313,"type":"binary-expr","locations":[{"start":{"line":313,"column":27},"end":{"line":313,"column":43},"skip":true},{"start":{"line":313,"column":47},"end":{"line":313,"column":53},"skip":true}]},"28":{"line":317,"type":"if","locations":[{"start":{"line":317,"column":12},"end":{"line":317,"column":12},"skip":true},{"start":{"line":317,"column":12},"end":{"line":317,"column":12},"skip":true}]}},"code":["/*","example.js","","quickstart example","","instruction","    1. save this script as example.js","    2. run the shell command:","        $ npm install npmtest-json-rpc2 && PORT=8081 node example.js","    3. play with the browser-demo on http://127.0.0.1:8081","*/","","","","/* istanbul instrument in package npmtest_json_rpc2 */","/*jslint","    bitwise: true,","    browser: true,","    maxerr: 8,","    maxlen: 96,","    node: true,","    nomen: true,","    regexp: true,","    stupid: true","*/","(function () {","    'use strict';","    var local;","","","","    // run shared js-env code - pre-init","    (function () {","        // init local","        local = {};","        // init modeJs","        local.modeJs = (function () {","            try {","                return typeof navigator.userAgent === 'string' &&","                    typeof document.querySelector('body') === 'object' &&","                    typeof XMLHttpRequest.prototype.open === 'function' &&","                    'browser';","            } catch (errorCaughtBrowser) {","                return module.exports &&","                    typeof process.versions.node === 'string' &&","                    typeof require('http').createServer === 'function' &&","                    'node';","            }","        }());","        // init global","        local.global = local.modeJs === 'browser'","            ? window","            : global;","        // init utility2_rollup","        local = local.global.utility2_rollup || (local.modeJs === 'browser'","            ? local.global.utility2_npmtest_json_rpc2","            : global.utility2_moduleExports);","        // export local","        local.global.local = local;","    }());","    switch (local.modeJs) {","","","","    // post-init","    // run browser js-env code - post-init","    /* istanbul ignore next */","    case 'browser':","        local.testRunBrowser = function (event) {","            if (!event || (event &&","                    event.currentTarget &&","                    event.currentTarget.className &&","                    event.currentTarget.className.includes &&","                    event.currentTarget.className.includes('onreset'))) {","                // reset output","                Array.from(","                    document.querySelectorAll('body > .resettable')","                ).forEach(function (element) {","                    switch (element.tagName) {","                    case 'INPUT':","                    case 'TEXTAREA':","                        element.value = '';","                        break;","                    default:","                        element.textContent = '';","                    }","                });","            }","            switch (event && event.currentTarget && event.currentTarget.id) {","            case 'testRunButton1':","                // show tests","                if (document.querySelector('#testReportDiv1').style.display === 'none') {","                    document.querySelector('#testReportDiv1').style.display = 'block';","                    document.querySelector('#testRunButton1').textContent =","                        'hide internal test';","                    local.modeTest = true;","                    local.testRunDefault(local);","                // hide tests","                } else {","                    document.querySelector('#testReportDiv1').style.display = 'none';","                    document.querySelector('#testRunButton1').textContent = 'run internal test';","                }","                break;","            // custom-case","            default:","                break;","            }","            if (document.querySelector('#inputTextareaEval1') && (!event || (event &&","                    event.currentTarget &&","                    event.currentTarget.className &&","                    event.currentTarget.className.includes &&","                    event.currentTarget.className.includes('oneval')))) {","                // try to eval input-code","                try {","                    /*jslint evil: true*/","                    eval(document.querySelector('#inputTextareaEval1').value);","                } catch (errorCaught) {","                    console.error(errorCaught);","                }","            }","        };","        // log stderr and stdout to #outputTextareaStdout1","        ['error', 'log'].forEach(function (key) {","            console[key + '_original'] = console[key];","            console[key] = function () {","                var element;","                console[key + '_original'].apply(console, arguments);","                element = document.querySelector('#outputTextareaStdout1');","                if (!element) {","                    return;","                }","                // append text to #outputTextareaStdout1","                element.value += Array.from(arguments).map(function (arg) {","                    return typeof arg === 'string'","                        ? arg","                        : JSON.stringify(arg, null, 4);","                }).join(' ') + '\\n';","                // scroll textarea to bottom","                element.scrollTop = element.scrollHeight;","            };","        });","        // init event-handling","        ['change', 'click', 'keyup'].forEach(function (event) {","            Array.from(document.querySelectorAll('.on' + event)).forEach(function (element) {","                element.addEventListener(event, local.testRunBrowser);","            });","        });","        // run tests","        local.testRunBrowser();","        break;","","","","    // run node js-env code - post-init","    /* istanbul ignore next */","    case 'node':","        // export local","        module.exports = local;","        // require modules","        local.fs = require('fs');","        local.http = require('http');","        local.url = require('url');","        // init assets","        local.assetsDict = local.assetsDict || {};","        /* jslint-ignore-begin */","        local.assetsDict['/assets.index.template.html'] = '\\","<!doctype html>\\n\\","<html lang=\"en\">\\n\\","<head>\\n\\","<meta charset=\"UTF-8\">\\n\\","<meta name=\"viewport\" content=\"width=device-width, initial-scale=1\">\\n\\","<title>{{env.npm_package_name}} (v{{env.npm_package_version}})</title>\\n\\","<style>\\n\\","/*csslint\\n\\","    box-sizing: false,\\n\\","    universal-selector: false\\n\\","*/\\n\\","* {\\n\\","    box-sizing: border-box;\\n\\","}\\n\\","body {\\n\\","    background: #dde;\\n\\","    font-family: Arial, Helvetica, sans-serif;\\n\\","    margin: 2rem;\\n\\","}\\n\\","body > * {\\n\\","    margin-bottom: 1rem;\\n\\","}\\n\\",".utility2FooterDiv {\\n\\","    margin-top: 20px;\\n\\","    text-align: center;\\n\\","}\\n\\","</style>\\n\\","<style>\\n\\","/*csslint\\n\\","*/\\n\\","textarea {\\n\\","    font-family: monospace;\\n\\","    height: 10rem;\\n\\","    width: 100%;\\n\\","}\\n\\","textarea[readonly] {\\n\\","    background: #ddd;\\n\\","}\\n\\","</style>\\n\\","</head>\\n\\","<body>\\n\\","<!-- utility2-comment\\n\\","<div id=\"ajaxProgressDiv1\" style=\"background: #d00; height: 2px; left: 0; margin: 0; padding: 0; position: fixed; top: 0; transition: background 0.5s, width 1.5s; width: 25%;\"></div>\\n\\","utility2-comment -->\\n\\","<h1>\\n\\","<!-- utility2-comment\\n\\","    <a\\n\\","        {{#if env.npm_package_homepage}}\\n\\","        href=\"{{env.npm_package_homepage}}\"\\n\\","        {{/if env.npm_package_homepage}}\\n\\","        target=\"_blank\"\\n\\","    >\\n\\","utility2-comment -->\\n\\","        {{env.npm_package_name}} (v{{env.npm_package_version}})\\n\\","<!-- utility2-comment\\n\\","    </a>\\n\\","utility2-comment -->\\n\\","</h1>\\n\\","<h3>{{env.npm_package_description}}</h3>\\n\\","<!-- utility2-comment\\n\\","<h4><a download href=\"assets.app.js\">download standalone app</a></h4>\\n\\","<button class=\"onclick onreset\" id=\"testRunButton1\">run internal test</button><br>\\n\\","<div id=\"testReportDiv1\" style=\"display: none;\"></div>\\n\\","utility2-comment -->\\n\\","\\n\\","\\n\\","\\n\\","<label>stderr and stdout</label>\\n\\","<textarea class=\"resettable\" id=\"outputTextareaStdout1\" readonly></textarea>\\n\\","<!-- utility2-comment\\n\\","{{#if isRollup}}\\n\\","<script src=\"assets.app.js\"></script>\\n\\","{{#unless isRollup}}\\n\\","utility2-comment -->\\n\\","<script src=\"assets.utility2.rollup.js\"></script>\\n\\","<script src=\"jsonp.utility2._stateInit?callback=window.utility2._stateInit\"></script>\\n\\","<script src=\"assets.npmtest_json_rpc2.rollup.js\"></script>\\n\\","<script src=\"assets.example.js\"></script>\\n\\","<script src=\"assets.test.js\"></script>\\n\\","<!-- utility2-comment\\n\\","{{/if isRollup}}\\n\\","utility2-comment -->\\n\\","<div class=\"utility2FooterDiv\">\\n\\","    [ this app was created with\\n\\","    <a href=\"https://github.com/kaizhu256/node-utility2\" target=\"_blank\">utility2</a>\\n\\","    ]\\n\\","</div>\\n\\","</body>\\n\\","</html>\\n\\","';","        /* jslint-ignore-end */","        if (local.templateRender) {","            local.assetsDict['/'] = local.templateRender(","                local.assetsDict['/assets.index.template.html'],","                {","                    env: local.objectSetDefault(local.env, {","                        npm_package_description: 'the greatest app in the world!',","                        npm_package_name: 'my-app',","                        npm_package_nameAlias: 'my_app',","                        npm_package_version: '0.0.1'","                    })","                }","            );","        } else {","            local.assetsDict['/'] = local.assetsDict['/assets.index.template.html']","                .replace((/\\{\\{env\\.(\\w+?)\\}\\}/g), function (match0, match1) {","                    // jslint-hack","                    String(match0);","                    switch (match1) {","                    case 'npm_package_description':","                        return 'the greatest app in the world!';","                    case 'npm_package_name':","                        return 'my-app';","                    case 'npm_package_nameAlias':","                        return 'my_app';","                    case 'npm_package_version':","                        return '0.0.1';","                    }","                });","        }","        // run the cli","        if (local.global.utility2_rollup || module !== require.main) {","            break;","        }","        local.assetsDict['/assets.example.js'] =","            local.assetsDict['/assets.example.js'] ||","            local.fs.readFileSync(__filename, 'utf8');","        // bug-workaround - long $npm_package_buildCustomOrg","        /* jslint-ignore-begin */","        local.assetsDict['/assets.npmtest_json_rpc2.rollup.js'] =","            local.assetsDict['/assets.npmtest_json_rpc2.rollup.js'] ||","            local.fs.readFileSync(","                local.npmtest_json_rpc2.__dirname + '/lib.npmtest_json_rpc2.js',","                'utf8'","            ).replace((/^#!/), '//');","        /* jslint-ignore-end */","        local.assetsDict['/favicon.ico'] = local.assetsDict['/favicon.ico'] || '';","        // if $npm_config_timeout_exit exists,","        // then exit this process after $npm_config_timeout_exit ms","        if (Number(process.env.npm_config_timeout_exit)) {","            setTimeout(process.exit, Number(process.env.npm_config_timeout_exit));","        }","        // start server","        if (local.global.utility2_serverHttp1) {","            break;","        }","        process.env.PORT = process.env.PORT || '8081';","        console.error('server starting on port ' + process.env.PORT);","        local.http.createServer(function (request, response) {","            request.urlParsed = local.url.parse(request.url);","            if (local.assetsDict[request.urlParsed.pathname] !== undefined) {","                response.end(local.assetsDict[request.urlParsed.pathname]);","                return;","            }","            response.statusCode = 404;","            response.end();","        }).listen(process.env.PORT);","        break;","    }","}());",""],"l":{"26":2,"28":2,"33":2,"35":2,"37":2,"38":2,"39":2,"44":1,"51":2,"55":2,"59":2,"61":2,"69":1,"70":2,"76":2,"79":2,"82":2,"83":2,"85":1,"89":2,"92":1,"93":1,"94":1,"96":1,"97":1,"100":1,"101":1,"103":1,"106":1,"108":2,"114":1,"116":1,"118":1,"123":1,"124":2,"125":2,"126":3,"127":3,"128":3,"129":3,"130":1,"133":3,"134":3,"139":3,"143":1,"144":3,"145":1,"149":1,"150":1,"158":1,"160":1,"161":1,"162":1,"164":1,"166":1,"258":1,"259":1,"271":1,"274":6,"275":6,"277":1,"279":2,"281":1,"283":2,"288":1,"289":1,"291":1,"296":1,"303":1,"306":1,"307":1,"310":1,"311":1,"313":1,"314":1,"315":1,"316":1,"317":1,"318":1,"319":1,"321":1,"322":1,"324":1}},"/home/travis/build/npmtest/node-npmtest-json-rpc2/node_modules/json-rpc2/src/jsonrpc.js":{"path":"/home/travis/build/npmtest/node-npmtest-json-rpc2/node_modules/json-rpc2/src/jsonrpc.js","s":{"1":1,"2":1,"3":1,"4":1,"5":1,"6":1,"7":1,"8":1,"9":1,"10":1,"11":1,"12":1},"b":{},"f":{},"fnMap":{},"statementMap":{"1":{"start":{"line":3,"column":0},"end":{"line":3,"column":30}},"2":{"start":{"line":4,"column":0},"end":{"line":4,"column":39}},"3":{"start":{"line":5,"column":0},"end":{"line":5,"column":46}},"4":{"start":{"line":6,"column":0},"end":{"line":6,"column":47}},"5":{"start":{"line":8,"column":0},"end":{"line":8,"column":62}},"6":{"start":{"line":10,"column":0},"end":{"line":10,"column":53}},"7":{"start":{"line":11,"column":0},"end":{"line":11,"column":57}},"8":{"start":{"line":13,"column":0},"end":{"line":13,"column":79}},"9":{"start":{"line":14,"column":0},"end":{"line":14,"column":70}},"10":{"start":{"line":15,"column":0},"end":{"line":15,"column":76}},"11":{"start":{"line":18,"column":0},"end":{"line":18,"column":49}},"12":{"start":{"line":19,"column":0},"end":{"line":19,"column":49}}},"branchMap":{},"code":["'use strict';","","exports._ = require('lodash');","exports.ES5Class = require('es5class');","exports.Websocket = require('faye-websocket');","exports.Error = require('./error.js')(exports);","","exports.EventEmitter = require('./event-emitter.js')(exports);","","exports.Endpoint = require('./endpoint.js')(exports);","exports.Connection = require('./connection.js')(exports);","","exports.HttpServerConnection = require('./http-server-connection.js')(exports);","exports.SocketConnection = require('./socket-connection.js')(exports);","exports.WebSocketConnection = require('./websocket-connection.js')(exports);","","","exports.Server = require('./server.js')(exports);","exports.Client = require('./client.js')(exports);",""],"l":{"3":1,"4":1,"5":1,"6":1,"8":1,"10":1,"11":1,"13":1,"14":1,"15":1,"18":1,"19":1}},"/home/travis/build/npmtest/node-npmtest-json-rpc2/node_modules/json-rpc2/src/error.js":{"path":"/home/travis/build/npmtest/node-npmtest-json-rpc2/node_modules/json-rpc2/src/error.js","s":{"1":1,"2":1,"3":1,"4":0,"5":0,"6":0,"7":0,"8":0,"9":1,"10":1,"11":1,"12":1,"13":1,"14":1,"15":1},"b":{"1":[0,0],"2":[0,0]},"f":{"1":1,"2":0,"3":0},"fnMap":{"1":{"name":"(anonymous_1)","line":1,"loc":{"start":{"line":1,"column":17},"end":{"line":1,"column":35}}},"2":{"name":"(anonymous_2)","line":10,"loc":{"start":{"line":10,"column":15},"end":{"line":10,"column":39}}},"3":{"name":"(anonymous_3)","line":17,"loc":{"start":{"line":17,"column":14},"end":{"line":17,"column":24}}}},"statementMap":{"1":{"start":{"line":1,"column":0},"end":{"line":47,"column":2}},"2":{"start":{"line":7,"column":2},"end":{"line":7,"column":18}},"3":{"start":{"line":9,"column":2},"end":{"line":20,"column":25}},"4":{"start":{"line":11,"column":6},"end":{"line":11,"column":34}},"5":{"start":{"line":12,"column":6},"end":{"line":12,"column":31}},"6":{"start":{"line":13,"column":6},"end":{"line":13,"column":48}},"7":{"start":{"line":15,"column":6},"end":{"line":15,"column":49}},"8":{"start":{"line":18,"column":6},"end":{"line":18,"column":26}},"9":{"start":{"line":22,"column":2},"end":{"line":24,"column":5}},"10":{"start":{"line":26,"column":2},"end":{"line":28,"column":5}},"11":{"start":{"line":30,"column":2},"end":{"line":32,"column":5}},"12":{"start":{"line":34,"column":2},"end":{"line":36,"column":5}},"13":{"start":{"line":38,"column":2},"end":{"line":40,"column":5}},"14":{"start":{"line":42,"column":2},"end":{"line":44,"column":5}},"15":{"start":{"line":46,"column":2},"end":{"line":46,"column":16}}},"branchMap":{"1":{"line":12,"type":"binary-expr","locations":[{"start":{"line":12,"column":19},"end":{"line":12,"column":24}},{"start":{"line":12,"column":28},"end":{"line":12,"column":30}}]},"2":{"line":13,"type":"binary-expr","locations":[{"start":{"line":13,"column":21},"end":{"line":13,"column":28}},{"start":{"line":13,"column":32},"end":{"line":13,"column":47}}]}},"code":["module.exports = function (classes){","  'use strict';","","  /*","   JSON-RPC 2.0 Specification Errors codes by dcharbonnier","   */","  var Errors = {};","","  Errors.AbstractError = classes.ES5Class.$define('AbstractError', {","    construct: function(message, extra){","      this.name = this.$className;","      this.extra = extra || {};","      this.message = message || this.$className;","","      Error.captureStackTrace(this, this.$class);","    },","    toString: function(){","      return this.message;","    }","  }).$inherit(Error, []);","","  Errors.ParseError = Errors.AbstractError.$define('ParseError', {","    code: -32700","  });","","  Errors.InvalidRequest = Errors.AbstractError.$define('InvalidRequest', {","    code: -32600","  });","","  Errors.MethodNotFound = Errors.AbstractError.$define('MethodNotFound', {","    code: -32601","  });","","  Errors.InvalidParams = Errors.AbstractError.$define('InvalidParams', {","    code: -32602","  });","","  Errors.InternalError = Errors.AbstractError.$define('InternalError', {","    code: -32603","  });","","  Errors.ServerError = Errors.AbstractError.$define('ServerError', {","    code: -32000","  });","","  return Errors;","};"],"l":{"1":1,"7":1,"9":1,"11":0,"12":0,"13":0,"15":0,"18":0,"22":1,"26":1,"30":1,"34":1,"38":1,"42":1,"46":1}},"/home/travis/build/npmtest/node-npmtest-json-rpc2/node_modules/json-rpc2/src/event-emitter.js":{"path":"/home/travis/build/npmtest/node-npmtest-json-rpc2/node_modules/json-rpc2/src/event-emitter.js","s":{"1":1,"2":1,"3":1,"4":0,"5":0,"6":0,"7":0,"8":1},"b":{"1":[0,0,0,0,0,0]},"f":{"1":1,"2":0,"3":0},"fnMap":{"1":{"name":"(anonymous_1)","line":1,"loc":{"start":{"line":1,"column":17},"end":{"line":1,"column":35}}},"2":{"name":"(anonymous_2)","line":10,"loc":{"start":{"line":10,"column":12},"end":{"line":10,"column":41}}},"3":{"name":"(anonymous_3)","line":21,"loc":{"start":{"line":21,"column":12},"end":{"line":21,"column":31}}}},"statementMap":{"1":{"start":{"line":1,"column":0},"end":{"line":31,"column":2}},"2":{"start":{"line":4,"column":2},"end":{"line":4,"column":42}},"3":{"start":{"line":6,"column":2},"end":{"line":28,"column":44}},"4":{"start":{"line":11,"column":6},"end":{"line":11,"column":52}},"5":{"start":{"line":12,"column":6},"end":{"line":12,"column":17}},"6":{"start":{"line":13,"column":6},"end":{"line":13,"column":17}},"7":{"start":{"line":22,"column":6},"end":{"line":26,"column":8}},"8":{"start":{"line":30,"column":2},"end":{"line":30,"column":22}}},"branchMap":{"1":{"line":22,"type":"binary-expr","locations":[{"start":{"line":22,"column":13},"end":{"line":22,"column":20}},{"start":{"line":22,"column":24},"end":{"line":22,"column":60}},{"start":{"line":24,"column":9},"end":{"line":24,"column":43}},{"start":{"line":24,"column":47},"end":{"line":24,"column":77}},{"start":{"line":25,"column":9},"end":{"line":25,"column":43}},{"start":{"line":25,"column":49},"end":{"line":25,"column":71}}]}},"code":["module.exports = function (classes){","  'use strict';","","  var debug = require('debug')('jsonrpc');","","  var EventEmitter = classes.ES5Class.$define('EventEmitter', {}, {","    /**","     * Output a piece of debug information.","     */","    trace : function (direction, message){","      var msg = '   ' + direction + '   ' + message;","      debug(msg);","      return msg;","    },","    /**","     * Check if current request has an id adn it is of type integer (non fractional) or string.","     *","     * @param {Object} request","     * @return {Boolean}","     */","    hasId : function (request) {","      return request && typeof request['id'] !== 'undefined' &&","      (","        (typeof(request['id']) === 'number' && /^\\-?\\d+$/.test(request['id'])) ||","        (typeof(request['id']) === 'string') || (request['id'] === null)","      );","    }","  }).$inherit(require('eventemitter3'), []);","","  return EventEmitter;","};","",""],"l":{"1":1,"4":1,"6":1,"11":0,"12":0,"13":0,"22":0,"30":1}},"/home/travis/build/npmtest/node-npmtest-json-rpc2/node_modules/json-rpc2/src/endpoint.js":{"path":"/home/travis/build/npmtest/node-npmtest-json-rpc2/node_modules/json-rpc2/src/endpoint.js","s":{"1":1,"2":1,"3":0,"4":0,"5":0,"6":0,"7":0,"8":0,"9":0,"10":0,"11":0,"12":0,"13":0,"14":0,"15":0,"16":0,"17":0,"18":0,"19":0,"20":0,"21":0,"22":0,"23":0,"24":0,"25":0,"26":0,"27":0,"28":0,"29":0,"30":0,"31":0,"32":0,"33":1},"b":{"1":[0,0],"2":[0,0],"3":[0,0],"4":[0,0],"5":[0,0],"6":[0,0],"7":[0,0]},"f":{"1":1,"2":0,"3":0,"4":0},"fnMap":{"1":{"name":"(anonymous_1)","line":1,"loc":{"start":{"line":1,"column":17},"end":{"line":1,"column":35}}},"2":{"name":"(anonymous_2)","line":14,"loc":{"start":{"line":14,"column":18},"end":{"line":14,"column":35}}},"3":{"name":"(anonymous_3)","line":25,"loc":{"start":{"line":25,"column":18},"end":{"line":25,"column":46}}},"4":{"name":"(anonymous_4)","line":54,"loc":{"start":{"line":54,"column":18},"end":{"line":54,"column":52}}}},"statementMap":{"1":{"start":{"line":1,"column":0},"end":{"line":77,"column":2}},"2":{"start":{"line":4,"column":2},"end":{"line":74,"column":7}},"3":{"start":{"line":15,"column":8},"end":{"line":15,"column":17}},"4":{"start":{"line":17,"column":8},"end":{"line":17,"column":28}},"5":{"start":{"line":18,"column":8},"end":{"line":18,"column":25}},"6":{"start":{"line":19,"column":8},"end":{"line":19,"column":33}},"7":{"start":{"line":20,"column":8},"end":{"line":20,"column":40}},"8":{"start":{"line":26,"column":8},"end":{"line":51,"column":9}},"9":{"start":{"line":27,"column":10},"end":{"line":27,"column":57}},"10":{"start":{"line":28,"column":10},"end":{"line":28,"column":38}},"11":{"start":{"line":30,"column":10},"end":{"line":32,"column":11}},"12":{"start":{"line":31,"column":12},"end":{"line":31,"column":38}},"13":{"start":{"line":34,"column":10},"end":{"line":34,"column":25}},"14":{"start":{"line":36,"column":10},"end":{"line":48,"column":11}},"15":{"start":{"line":37,"column":12},"end":{"line":47,"column":13}},"16":{"start":{"line":38,"column":14},"end":{"line":38,"column":43}},"17":{"start":{"line":39,"column":14},"end":{"line":46,"column":15}},"18":{"start":{"line":40,"column":16},"end":{"line":40,"column":64}},"19":{"start":{"line":41,"column":16},"end":{"line":41,"column":37}},"20":{"start":{"line":43,"column":16},"end":{"line":45,"column":17}},"21":{"start":{"line":44,"column":18},"end":{"line":44,"column":61}},"22":{"start":{"line":50,"column":10},"end":{"line":50,"column":102}},"23":{"start":{"line":52,"column":8},"end":{"line":52,"column":20}},"24":{"start":{"line":55,"column":8},"end":{"line":56,"column":71}},"25":{"start":{"line":58,"column":8},"end":{"line":61,"column":9}},"26":{"start":{"line":59,"column":10},"end":{"line":59,"column":90}},"27":{"start":{"line":60,"column":10},"end":{"line":60,"column":17}},"28":{"start":{"line":63,"column":8},"end":{"line":63,"column":52}},"29":{"start":{"line":64,"column":8},"end":{"line":64,"column":69}},"30":{"start":{"line":68,"column":8},"end":{"line":72,"column":9}},"31":{"start":{"line":69,"column":10},"end":{"line":69,"column":61}},"32":{"start":{"line":71,"column":10},"end":{"line":71,"column":24}},"33":{"start":{"line":76,"column":2},"end":{"line":76,"column":18}}},"branchMap":{"1":{"line":26,"type":"if","locations":[{"start":{"line":26,"column":8},"end":{"line":26,"column":8}},{"start":{"line":26,"column":8},"end":{"line":26,"column":8}}]},"2":{"line":30,"type":"if","locations":[{"start":{"line":30,"column":10},"end":{"line":30,"column":10}},{"start":{"line":30,"column":10},"end":{"line":30,"column":10}}]},"3":{"line":37,"type":"if","locations":[{"start":{"line":37,"column":12},"end":{"line":37,"column":12}},{"start":{"line":37,"column":12},"end":{"line":37,"column":12}}]},"4":{"line":39,"type":"if","locations":[{"start":{"line":39,"column":14},"end":{"line":39,"column":14}},{"start":{"line":39,"column":14},"end":{"line":39,"column":14}}]},"5":{"line":43,"type":"if","locations":[{"start":{"line":43,"column":16},"end":{"line":43,"column":16}},{"start":{"line":43,"column":16},"end":{"line":43,"column":16}}]},"6":{"line":58,"type":"if","locations":[{"start":{"line":58,"column":8},"end":{"line":58,"column":8}},{"start":{"line":58,"column":8},"end":{"line":58,"column":8}}]},"7":{"line":64,"type":"binary-expr","locations":[{"start":{"line":64,"column":20},"end":{"line":64,"column":47}},{"start":{"line":64,"column":51},"end":{"line":64,"column":68}}]}},"code":["module.exports = function (classes){","  'use strict';","","  var","    _ = classes._,","    EventEmitter = classes.EventEmitter,","    Error = classes.Error,","    /**","     * Abstract base class for RPC endpoints.","     *","     * Has the ability to register RPC events and expose RPC methods.","     */","      Endpoint = EventEmitter.$define('Endpoint', {","      construct : function ($super){","        $super();","","        this.functions = {};","        this.scopes = {};","        this.defaultScope = this;","        this.exposeModule = this.expose;","      },","      /**","       * Define a callable method on this RPC endpoint","       */","      expose    : function (name, func, scope){","        if (_.isFunction(func)) {","          EventEmitter.trace('***', 'exposing: ' + name);","          this.functions[name] = func;","","          if (scope) {","            this.scopes[name] = scope;","          }","        } else {","          var funcs = [];","","          for (var funcName in func) {","            if (Object.prototype.hasOwnProperty.call(func, funcName)) {","              var funcObj = func[funcName];","              if (_.isFunction(funcObj)) {","                this.functions[name + '.' + funcName] = funcObj;","                funcs.push(funcName);","","                if (scope) {","                  this.scopes[name + '.' + funcName] = scope;","                }","              }","            }","          }","","          EventEmitter.trace('***', 'exposing module: ' + name + ' [funs: ' + funcs.join(', ') + ']');","        }","        return func;","      },","      handleCall: function (decoded, conn, callback){","        EventEmitter.trace('<--', 'Request (id ' + decoded.id + '): ' +","          decoded.method + '(' + JSON.stringify(decoded.params) + ')');","","        if (!this.functions.hasOwnProperty(decoded.method)) {","          callback(new Error.MethodNotFound('Unknown RPC call \"' + decoded.method + '\"'));","          return;","        }","","        var method = this.functions[decoded.method];","        var scope = this.scopes[decoded.method] || this.defaultScope;","","        // Try to call the method, but intercept errors and call our","        // error handler.","        try {","          method.call(scope, decoded.params, conn, callback);","        } catch (err) {","          callback(err);","        }","      }","    });","","  return Endpoint;","};",""],"l":{"1":1,"4":1,"15":0,"17":0,"18":0,"19":0,"20":0,"26":0,"27":0,"28":0,"30":0,"31":0,"34":0,"36":0,"37":0,"38":0,"39":0,"40":0,"41":0,"43":0,"44":0,"50":0,"52":0,"55":0,"58":0,"59":0,"60":0,"63":0,"64":0,"68":0,"69":0,"71":0,"76":1}},"/home/travis/build/npmtest/node-npmtest-json-rpc2/node_modules/json-rpc2/src/connection.js":{"path":"/home/travis/build/npmtest/node-npmtest-json-rpc2/node_modules/json-rpc2/src/connection.js","s":{"1":1,"2":1,"3":0,"4":0,"5":0,"6":0,"7":0,"8":0,"9":0,"10":0,"11":0,"12":0,"13":0,"14":0,"15":0,"16":0,"17":0,"18":0,"19":0,"20":0,"21":0,"22":0,"23":0,"24":0,"25":0,"26":0,"27":0,"28":0,"29":0,"30":0,"31":0,"32":0,"33":0,"34":0,"35":0,"36":0,"37":0,"38":0,"39":0,"40":0,"41":0,"42":0,"43":1},"b":{"1":[0,0],"2":[0,0],"3":[0,0],"4":[0,0],"5":[0,0],"6":[0,0,0],"7":[0,0],"8":[0,0],"9":[0,0],"10":[0,0],"11":[0,0],"12":[0,0],"13":[0,0]},"f":{"1":1,"2":0,"3":0,"4":0,"5":0,"6":0,"7":0,"8":0,"9":0,"10":0},"fnMap":{"1":{"name":"(anonymous_1)","line":1,"loc":{"start":{"line":1,"column":17},"end":{"line":1,"column":35}}},"2":{"name":"(anonymous_2)","line":8,"loc":{"start":{"line":8,"column":17},"end":{"line":8,"column":38}}},"3":{"name":"(anonymous_3)","line":16,"loc":{"start":{"line":16,"column":25},"end":{"line":16,"column":36}}},"4":{"name":"(anonymous_4)","line":24,"loc":{"start":{"line":24,"column":17},"end":{"line":24,"column":52}}},"5":{"name":"(anonymous_5)","line":52,"loc":{"start":{"line":52,"column":13},"end":{"line":52,"column":24}}},"6":{"name":"(anonymous_6)","line":63,"loc":{"start":{"line":63,"column":14},"end":{"line":63,"column":30}}},"7":{"name":"(anonymous_7)","line":65,"loc":{"start":{"line":65,"column":25},"end":{"line":65,"column":35}}},"8":{"name":"(anonymous_8)","line":71,"loc":{"start":{"line":71,"column":21},"end":{"line":71,"column":35}}},"9":{"name":"handleCall","line":88,"loc":{"start":{"line":88,"column":48},"end":{"line":88,"column":80}}},"10":{"name":"(anonymous_10)","line":118,"loc":{"start":{"line":118,"column":17},"end":{"line":118,"column":43}}}},"statementMap":{"1":{"start":{"line":1,"column":0},"end":{"line":131,"column":2}},"2":{"start":{"line":4,"column":2},"end":{"line":128,"column":7}},"3":{"start":{"line":9,"column":8},"end":{"line":9,"column":17}},"4":{"start":{"line":11,"column":8},"end":{"line":11,"column":27}},"5":{"start":{"line":12,"column":8},"end":{"line":12,"column":28}},"6":{"start":{"line":13,"column":8},"end":{"line":13,"column":26}},"7":{"start":{"line":16,"column":8},"end":{"line":16,"column":41}},"8":{"start":{"line":25,"column":8},"end":{"line":27,"column":9}},"9":{"start":{"line":26,"column":10},"end":{"line":26,"column":28}},"10":{"start":{"line":29,"column":8},"end":{"line":29,"column":22}},"11":{"start":{"line":30,"column":8},"end":{"line":33,"column":9}},"12":{"start":{"line":31,"column":10},"end":{"line":31,"column":31}},"13":{"start":{"line":32,"column":10},"end":{"line":32,"column":40}},"14":{"start":{"line":35,"column":8},"end":{"line":35,"column":104}},"15":{"start":{"line":37,"column":8},"end":{"line":42,"column":11}},"16":{"start":{"line":43,"column":8},"end":{"line":43,"column":25}},"17":{"start":{"line":53,"column":8},"end":{"line":53,"column":79}},"18":{"start":{"line":64,"column":8},"end":{"line":68,"column":9}},"19":{"start":{"line":65,"column":10},"end":{"line":67,"column":13}},"20":{"start":{"line":66,"column":12},"end":{"line":66,"column":20}},"21":{"start":{"line":72,"column":8},"end":{"line":72,"column":24}},"22":{"start":{"line":74,"column":8},"end":{"line":115,"column":9}},"23":{"start":{"line":75,"column":10},"end":{"line":114,"column":11}},"24":{"start":{"line":80,"column":12},"end":{"line":85,"column":13}},"25":{"start":{"line":81,"column":14},"end":{"line":81,"column":60}},"26":{"start":{"line":82,"column":14},"end":{"line":82,"column":44}},"27":{"start":{"line":84,"column":14},"end":{"line":84,"column":123}},"28":{"start":{"line":86,"column":17},"end":{"line":114,"column":11}},"29":{"start":{"line":88,"column":12},"end":{"line":113,"column":15}},"30":{"start":{"line":89,"column":14},"end":{"line":96,"column":15}},"31":{"start":{"line":90,"column":16},"end":{"line":90,"column":40}},"32":{"start":{"line":92,"column":16},"end":{"line":95,"column":18}},"33":{"start":{"line":99,"column":14},"end":{"line":101,"column":15}},"34":{"start":{"line":100,"column":16},"end":{"line":100,"column":23}},"35":{"start":{"line":103,"column":14},"end":{"line":110,"column":15}},"36":{"start":{"line":104,"column":16},"end":{"line":104,"column":37}},"37":{"start":{"line":105,"column":16},"end":{"line":105,"column":30}},"38":{"start":{"line":107,"column":16},"end":{"line":108,"column":42}},"39":{"start":{"line":109,"column":16},"end":{"line":109,"column":27}},"40":{"start":{"line":112,"column":14},"end":{"line":112,"column":50}},"41":{"start":{"line":119,"column":8},"end":{"line":124,"column":11}},"42":{"start":{"line":126,"column":8},"end":{"line":126,"column":25}},"43":{"start":{"line":130,"column":2},"end":{"line":130,"column":20}}},"branchMap":{"1":{"line":25,"type":"if","locations":[{"start":{"line":25,"column":8},"end":{"line":25,"column":8}},{"start":{"line":25,"column":8},"end":{"line":25,"column":8}}]},"2":{"line":30,"type":"if","locations":[{"start":{"line":30,"column":8},"end":{"line":30,"column":8}},{"start":{"line":30,"column":8},"end":{"line":30,"column":8}}]},"3":{"line":64,"type":"if","locations":[{"start":{"line":64,"column":8},"end":{"line":64,"column":8}},{"start":{"line":64,"column":8},"end":{"line":64,"column":8}}]},"4":{"line":74,"type":"if","locations":[{"start":{"line":74,"column":8},"end":{"line":74,"column":8}},{"start":{"line":74,"column":8},"end":{"line":74,"column":8}}]},"5":{"line":75,"type":"if","locations":[{"start":{"line":75,"column":10},"end":{"line":75,"column":10}},{"start":{"line":75,"column":10},"end":{"line":75,"column":10}}]},"6":{"line":76,"type":"binary-expr","locations":[{"start":{"line":76,"column":15},"end":{"line":76,"column":43}},{"start":{"line":76,"column":47},"end":{"line":76,"column":74}},{"start":{"line":77,"column":14},"end":{"line":77,"column":38}}]},"7":{"line":84,"type":"cond-expr","locations":[{"start":{"line":84,"column":94},"end":{"line":84,"column":103}},{"start":{"line":84,"column":106},"end":{"line":84,"column":120}}]},"8":{"line":86,"type":"if","locations":[{"start":{"line":86,"column":17},"end":{"line":86,"column":17}},{"start":{"line":86,"column":17},"end":{"line":86,"column":17}}]},"9":{"line":89,"type":"if","locations":[{"start":{"line":89,"column":14},"end":{"line":89,"column":14}},{"start":{"line":89,"column":14},"end":{"line":89,"column":14}}]},"10":{"line":93,"type":"cond-expr","locations":[{"start":{"line":93,"column":58},"end":{"line":93,"column":79}},{"start":{"line":93,"column":82},"end":{"line":93,"column":84}}]},"11":{"line":94,"type":"cond-expr","locations":[{"start":{"line":94,"column":33},"end":{"line":94,"column":42}},{"start":{"line":94,"column":45},"end":{"line":94,"column":59}}]},"12":{"line":99,"type":"if","locations":[{"start":{"line":99,"column":14},"end":{"line":99,"column":14}},{"start":{"line":99,"column":14},"end":{"line":99,"column":14}}]},"13":{"line":103,"type":"if","locations":[{"start":{"line":103,"column":14},"end":{"line":103,"column":14}},{"start":{"line":103,"column":14},"end":{"line":103,"column":14}}]}},"code":["module.exports = function (classes){","  'use strict';","","  var","    _ = classes._,","    EventEmitter = classes.EventEmitter,","    Connection = EventEmitter.$define('Connection', {","      construct: function ($super, ep){","        $super();","","        this.endpoint = ep;","        this.callbacks = {};","        this.latestId = 0;","","        // Default error handler (prevents ''uncaught error event'')","        this.on('error', function (){ });","      },","      /**","       * Make a standard RPC call to the other endpoint.","       *","       * Note that some ways to make RPC calls bypass this method, for example HTTP","       * calls and responses are done in other places.","       */","      call     : function (method, params, callback){","        if (!_.isArray(params)) {","          params = [params];","        }","","        var id = null;","        if (_.isFunction(callback)) {","          id = ++this.latestId;","          this.callbacks[id] = callback;","        }","","        EventEmitter.trace('-->', 'Connection call (method ' + method + '): ' + JSON.stringify(params));","","        var data = JSON.stringify({","          jsonrpc: '2.0',","          method : method,","          params : params,","          id     : id","        });","        this.write(data);","      },","","      /**","       * Dummy method for sending data.","       *","       * Connection types that support sending additional data will override this","       * method.","       */","      write: function (){","        throw new Error('Tried to write data on unsupported connection type.');","      },","","      /**","       * Keep the connection open.","       *","       * This method is used to tell a HttpServerConnection to stay open. In order","       * to keep it compatible with other connection types, we add it here and make","       * it register a connection end handler.","       */","      stream: function (onend){","        if (_.isFunction(onend)) {","          this.on('end', function(){","            onend();","          });","        }","      },","","      handleMessage: function (msg){","        var self = this;","","        if (msg) {","          if (","              (msg.hasOwnProperty('result') || msg.hasOwnProperty('error')) &&","              msg.hasOwnProperty('id')","            ) {","            // Are we in the client?","            try {","              this.callbacks[msg.id](msg.error, msg.result);","              delete this.callbacks[msg.id];","            } catch (err) {","              EventEmitter.trace('<---', 'Callback not found ' + msg.id + ': ' + (err.stack ? err.stack : err.toString()));","            }","          } else if (msg.hasOwnProperty('method')) {","            // Are we in the server?","            this.endpoint.handleCall(msg, this, function handleCall(err, result){","              if (err) {","                self.emit('error', err);","","                EventEmitter.trace('-->',","                  'Failure ' + (EventEmitter.hasId(msg) ? '(id ' + msg.id + ')' : '') + ': ' +","                    (err.stack ? err.stack : err.toString())","                );","              }","","              // Return if it's just a notification (no id)","              if (!EventEmitter.hasId(msg)) {","                return;","              }","","              if (err) {","                err = err.toString();","                result = null;","              } else {","                EventEmitter.trace('-->', 'Response (id ' + msg.id + '): ' +","                  JSON.stringify(result));","                err = null;","              }","","              self.sendReply(err, result, msg.id);","            });","          }","        }","      },","","      sendReply: function (err, result, id){","        var data = JSON.stringify({","          jsonrpc: '2.0',","          result : result,","          error  : err,","          id     : id","        });","","        this.write(data);","      }","    });","","  return Connection;","};"],"l":{"1":1,"4":1,"9":0,"11":0,"12":0,"13":0,"16":0,"25":0,"26":0,"29":0,"30":0,"31":0,"32":0,"35":0,"37":0,"43":0,"53":0,"64":0,"65":0,"66":0,"72":0,"74":0,"75":0,"80":0,"81":0,"82":0,"84":0,"86":0,"88":0,"89":0,"90":0,"92":0,"99":0,"100":0,"103":0,"104":0,"105":0,"107":0,"109":0,"112":0,"119":0,"126":0,"130":1}},"/home/travis/build/npmtest/node-npmtest-json-rpc2/node_modules/json-rpc2/src/http-server-connection.js":{"path":"/home/travis/build/npmtest/node-npmtest-json-rpc2/node_modules/json-rpc2/src/http-server-connection.js","s":{"1":1,"2":1,"3":0,"4":0,"5":0,"6":0,"7":0,"8":0,"9":0,"10":0,"11":0,"12":0,"13":0,"14":0,"15":0,"16":0,"17":0,"18":0,"19":1},"b":{"1":[0,0],"2":[0,0]},"f":{"1":1,"2":0,"3":0,"4":0,"5":0,"6":0},"fnMap":{"1":{"name":"(anonymous_1)","line":1,"loc":{"start":{"line":1,"column":17},"end":{"line":1,"column":35}}},"2":{"name":"(anonymous_2)","line":7,"loc":{"start":{"line":7,"column":15},"end":{"line":7,"column":50}}},"3":{"name":"responseEnd","line":16,"loc":{"start":{"line":16,"column":28},"end":{"line":16,"column":50}}},"4":{"name":"responseEnd","line":20,"loc":{"start":{"line":20,"column":27},"end":{"line":20,"column":49}}},"5":{"name":"(anonymous_5)","line":28,"loc":{"start":{"line":28,"column":12},"end":{"line":28,"column":36}}},"6":{"name":"(anonymous_6)","line":40,"loc":{"start":{"line":40,"column":11},"end":{"line":40,"column":26}}}},"statementMap":{"1":{"start":{"line":1,"column":0},"end":{"line":55,"column":2}},"2":{"start":{"line":4,"column":2},"end":{"line":52,"column":5}},"3":{"start":{"line":8,"column":6},"end":{"line":8,"column":22}},"4":{"start":{"line":10,"column":6},"end":{"line":10,"column":21}},"5":{"start":{"line":12,"column":6},"end":{"line":12,"column":21}},"6":{"start":{"line":13,"column":6},"end":{"line":13,"column":21}},"7":{"start":{"line":14,"column":6},"end":{"line":14,"column":31}},"8":{"start":{"line":16,"column":6},"end":{"line":18,"column":9}},"9":{"start":{"line":17,"column":8},"end":{"line":17,"column":25}},"10":{"start":{"line":20,"column":6},"end":{"line":22,"column":9}},"11":{"start":{"line":21,"column":8},"end":{"line":21,"column":25}},"12":{"start":{"line":29,"column":6},"end":{"line":29,"column":20}},"13":{"start":{"line":31,"column":6},"end":{"line":31,"column":30}},"14":{"start":{"line":41,"column":6},"end":{"line":43,"column":7}},"15":{"start":{"line":42,"column":8},"end":{"line":42,"column":79}},"16":{"start":{"line":45,"column":6},"end":{"line":48,"column":7}},"17":{"start":{"line":47,"column":8},"end":{"line":47,"column":15}},"18":{"start":{"line":50,"column":6},"end":{"line":50,"column":27}},"19":{"start":{"line":54,"column":2},"end":{"line":54,"column":30}}},"branchMap":{"1":{"line":41,"type":"if","locations":[{"start":{"line":41,"column":6},"end":{"line":41,"column":6}},{"start":{"line":41,"column":6},"end":{"line":41,"column":6}}]},"2":{"line":45,"type":"if","locations":[{"start":{"line":45,"column":6},"end":{"line":45,"column":6}},{"start":{"line":45,"column":6},"end":{"line":45,"column":6}}]}},"code":["module.exports = function (classes){","  'use strict';","","  var","    Connection = classes.Connection,","    HttpServerConnection = Connection.$define('HttpServerConnection', {","    construct: function ($super, server, req, res){","      var self = this;","","      $super(server);","","      this.req = req;","      this.res = res;","      this.isStreaming = false;","","      this.res.on('finish', function responseEnd(){","        self.emit('end');","      });","","      this.res.on('close', function responseEnd(){","        self.emit('end');","      });","    },","","    /**","     * Can be called before the response callback to keep the connection open.","     */","    stream: functio
[...]
:{"line":177,"column":11}},"71":{"start":{"line":174,"column":12},"end":{"line":174,"column":32}},"72":{"start":{"line":176,"column":12},"end":{"line":176,"column":54}},"73":{"start":{"line":180,"column":8},"end":{"line":180,"column":20}},"74":{"start":{"line":183,"column":8},"end":{"line":186,"column":9}},"75":{"start":{"line":184,"column":10},"end":{"line":184,"column":26}},"76":{"start":{"line":185,"column":10},"end":{"line":185,"column":20}},"77":{"start":{"line":187,"column":8},"end":{"line":187,"column":26}},"78":{"start":{"line":189,"column":8},"end":{"line":250,"column":11}},"79":{"start":{"line":190,"column":10},"end":{"line":249,"column":11}},"80":{"start":{"line":191,"column":12},"end":{"line":191,"column":48}},"81":{"start":{"line":193,"column":12},"end":{"line":193,"column":31}},"82":{"start":{"line":194,"column":12},"end":{"line":194,"column":37}},"83":{"start":{"line":195,"column":12},"end":{"line":195,"column":38}},"84":{"start":{"line":197,"column":12},"end":{"line":201,"column":14}},"85":{"start":{"line":198,"column":14},"end":{"line":200,"column":17}},"86":{"start":{"line":199,"column":16},"end":{"line":199,"column":55}},"87":{"start":{"line":203,"column":12},"end":{"line":205,"column":14}},"88":{"start":{"line":204,"column":14},"end":{"line":204,"column":40}},"89":{"start":{"line":208,"column":12},"end":{"line":208,"column":42}},"90":{"start":{"line":209,"column":12},"end":{"line":225,"column":14}},"91":{"start":{"line":210,"column":14},"end":{"line":212,"column":15}},"92":{"start":{"line":211,"column":16},"end":{"line":211,"column":23}},"93":{"start":{"line":214,"column":14},"end":{"line":214,"column":47}},"94":{"start":{"line":215,"column":14},"end":{"line":224,"column":15}},"95":{"start":{"line":220,"column":16},"end":{"line":220,"column":51}},"96":{"start":{"line":222,"column":19},"end":{"line":224,"column":15}},"97":{"start":{"line":223,"column":16},"end":{"line":223,"column":67}},"98":{"start":{"line":227,"column":12},"end":{"line":248,"column":13}},"99":{"start":{"line":229,"column":14},"end":{"line":235,"column":17}},"100":{"start":{"line":230,"column":16},"end":{"line":234,"column":17}},"101":{"start":{"line":231,"column":18},"end":{"line":231,"column":45}},"102":{"start":{"line":233,"column":18},"end":{"line":233,"column":84}},"103":{"start":{"line":237,"column":14},"end":{"line":243,"column":17}},"104":{"start":{"line":238,"column":16},"end":{"line":242,"column":17}},"105":{"start":{"line":239,"column":18},"end":{"line":239,"column":38}},"106":{"start":{"line":245,"column":14},"end":{"line":247,"column":17}},"107":{"start":{"line":253,"column":8},"end":{"line":256,"column":9}},"108":{"start":{"line":254,"column":10},"end":{"line":254,"column":26}},"109":{"start":{"line":255,"column":10},"end":{"line":255,"column":20}},"110":{"start":{"line":257,"column":8},"end":{"line":257,"column":26}},"111":{"start":{"line":258,"column":8},"end":{"line":258,"column":98}},"112":{"start":{"line":260,"column":8},"end":{"line":287,"column":11}},"113":{"start":{"line":262,"column":10},"end":{"line":265,"column":11}},"114":{"start":{"line":263,"column":12},"end":{"line":263,"column":59}},"115":{"start":{"line":264,"column":12},"end":{"line":264,"column":19}},"116":{"start":{"line":267,"column":10},"end":{"line":267,"column":24}},"117":{"start":{"line":269,"column":10},"end":{"line":271,"column":13}},"118":{"start":{"line":270,"column":12},"end":{"line":270,"column":26}},"119":{"start":{"line":273,"column":10},"end":{"line":286,"column":13}},"120":{"start":{"line":274,"column":12},"end":{"line":278,"column":13}},"121":{"start":{"line":275,"column":14},"end":{"line":276,"column":15}},"122":{"start":{"line":277,"column":14},"end":{"line":277,"column":21}},"123":{"start":{"line":279,"column":12},"end":{"line":279,"column":43}},"124":{"start":{"line":280,"column":12},"end":{"line":285,"column":13}},"125":{"start":{"line":281,"column":14},"end":{"line":283,"column":15}},"126":{"start":{"line":282,"column":16},"end":{"line":282,"column":37}},"127":{"start":{"line":284,"column":14},"end":{"line":284,"column":54}},"128":{"start":{"line":291,"column":2},"end":{"line":291,"column":16}}},"branchMap":{"1":{"line":28,"type":"if","locations":[{"start":{"line":28,"column":8},"end":{"line":28,"column":8}},{"start":{"line":28,"column":8},"end":{"line":28,"column":8}}]},"2":{"line":28,"type":"binary-expr","locations":[{"start":{"line":28,"column":12},"end":{"line":28,"column":21}},{"start":{"line":28,"column":25},"end":{"line":28,"column":38}}]},"3":{"line":40,"type":"if","locations":[{"start":{"line":40,"column":8},"end":{"line":40,"column":8}},{"start":{"line":40,"column":8},"end":{"line":40,"column":8}}]},"4":{"line":44,"type":"binary-expr","locations":[{"start":{"line":44,"column":15},"end":{"line":44,"column":19}},{"start":{"line":44,"column":23},"end":{"line":44,"column":25}}]},"5":{"line":68,"type":"binary-expr","locations":[{"start":{"line":68,"column":20},"end":{"line":68,"column":29}},{"start":{"line":68,"column":33},"end":{"line":68,"column":36}}]},"6":{"line":73,"type":"if","locations":[{"start":{"line":73,"column":8},"end":{"line":73,"column":8}},{"start":{"line":73,"column":8},"end":{"line":73,"column":8}}]},"7":{"line":74,"type":"if","locations":[{"start":{"line":74,"column":10},"end":{"line":74,"column":10}},{"start":{"line":74,"column":10},"end":{"line":74,"column":10}}]},"8":{"line":96,"type":"if","locations":[{"start":{"line":96,"column":8},"end":{"line":96,"column":8}},{"start":{"line":96,"column":8},"end":{"line":96,"column":8}}]},"9":{"line":109,"type":"if","locations":[{"start":{"line":109,"column":10},"end":{"line":109,"column":10}},{"start":{"line":109,"column":10},"end":{"line":109,"column":10}}]},"10":{"line":145,"type":"if","locations":[{"start":{"line":145,"column":10},"end":{"line":145,"column":10}},{"start":{"line":145,"column":10},"end":{"line":145,"column":10}}]},"11":{"line":145,"type":"binary-expr","locations":[{"start":{"line":145,"column":14},"end":{"line":145,"column":35}},{"start":{"line":145,"column":39},"end":{"line":145,"column":64}}]},"12":{"line":147,"type":"if","locations":[{"start":{"line":147,"column":14},"end":{"line":147,"column":14}},{"start":{"line":147,"column":14},"end":{"line":147,"column":14}}]},"13":{"line":156,"type":"if","locations":[{"start":{"line":156,"column":10},"end":{"line":156,"column":10}},{"start":{"line":156,"column":10},"end":{"line":156,"column":10}}]},"14":{"line":165,"type":"if","locations":[{"start":{"line":165,"column":10},"end":{"line":165,"column":10}},{"start":{"line":165,"column":10},"end":{"line":165,"column":10}}]},"15":{"line":183,"type":"if","locations":[{"start":{"line":183,"column":8},"end":{"line":183,"column":8}},{"start":{"line":183,"column":8},"end":{"line":183,"column":8}}]},"16":{"line":187,"type":"binary-expr","locations":[{"start":{"line":187,"column":15},"end":{"line":187,"column":19}},{"start":{"line":187,"column":23},"end":{"line":187,"column":25}}]},"17":{"line":190,"type":"if","locations":[{"start":{"line":190,"column":10},"end":{"line":190,"column":10}},{"start":{"line":190,"column":10},"end":{"line":190,"column":10}}]},"18":{"line":199,"type":"binary-expr","locations":[{"start":{"line":199,"column":36},"end":{"line":199,"column":47}},{"start":{"line":199,"column":51},"end":{"line":199,"column":53}}]},"19":{"line":210,"type":"if","locations":[{"start":{"line":210,"column":14},"end":{"line":210,"column":14}},{"start":{"line":210,"column":14},"end":{"line":210,"column":14}}]},"20":{"line":215,"type":"if","locations":[{"start":{"line":215,"column":14},"end":{"line":215,"column":14}},{"start":{"line":215,"column":14},"end":{"line":215,"column":14}}]},"21":{"line":216,"type":"binary-expr","locations":[{"start":{"line":216,"column":16},"end":{"line":216,"column":48}},{"start":{"line":217,"column":18},"end":{"line":217,"column":49}},{"start":{"line":218,"column":20},"end":{"line":218,"column":37}},{"start":{"line":218,"column":41},"end":{"line":218,"column":63}}]},"22":{"line":222,"type":"if","locations":[{"start":{"line":222,"column":19},"end":{"line":222,"column":19}},{"start":{"line":222,"column":19},"end":{"line":222,"column":19}}]},"23":{"line":227,"type":"if","locations":[{"start":{"line":227,"column":12},"end":{"line":227,"column":12}},{"start":{"line":227,"column":12},"end":{"line":227,"column":12}}]},"24":{"line":230,"type":"if","locations":[{"start":{"line":230,"column":16},"end":{"line":230,"column":16}},{"start":{"line":230,"column":16},"end":{"line":230,"column":16}}]},"25":{"line":253,"type":"if","locations":[{"start":{"line":253,"column":8},"end":{"line":253,"column":8}},{"start":{"line":253,"column":8},"end":{"line":253,"column":8}}]},"26":{"line":257,"type":"binary-expr","locations":[{"start":{"line":257,"column":15},"end":{"line":257,"column":19}},{"start":{"line":257,"column":23},"end":{"line":257,"column":25}}]},"27":{"line":262,"type":"if","locations":[{"start":{"line":262,"column":10},"end":{"line":262,"column":10}},{"start":{"line":262,"column":10},"end":{"line":262,"column":10}}]},"28":{"line":274,"type":"if","locations":[{"start":{"line":274,"column":12},"end":{"line":274,"column":12}},{"start":{"line":274,"column":12},"end":{"line":274,"column":12}}]},"29":{"line":280,"type":"if","locations":[{"start":{"line":280,"column":12},"end":{"line":280,"column":12}},{"start":{"line":280,"column":12},"end":{"line":280,"column":12}}]},"30":{"line":281,"type":"if","locations":[{"start":{"line":281,"column":14},"end":{"line":281,"column":14}},{"start":{"line":281,"column":14},"end":{"line":281,"column":14}}]}},"code":["module.exports = function (classes){","  'use strict';","","  var","    net = require('net'),","    http = require('http'),","    https = require('https'),","    WebSocket = classes.Websocket,","    JsonParser = require('jsonparse'),","    EventEmitter = classes.EventEmitter,","    Endpoint = classes.Endpoint,","    _ = classes._,","    SocketConnection = classes.SocketConnection,","    WebSocketConnection = classes.WebSocketConnection,","    /**","     * JSON-RPC Client.","     */","      Client = Endpoint.$define('Client', {","      construct    : function ($super, port, host, user, password){","        $super();","","        this.port = port;","        this.host = host;","        this.user = user;","        this.password = password;","      },","      _authHeader: function(headers){","        if (this.user && this.password) {","          var buff = new Buffer(this.user + ':' + this.password).toString('base64');","          headers['Authorization'] = 'Basic ' + buff;","        }","      },","      /**","       * Make HTTP connection/request.","       *","       * In HTTP mode, we get to submit exactly one message and receive up to n","       * messages.","       */","      connectHttp  : function (method, params, opts, callback){","        if (_.isFunction(opts)) {","          callback = opts;","          opts = {};","        }","        opts = opts || {};","","        var id = 1, self = this;","","        // First we encode the request into JSON","        var requestJSON = JSON.stringify({","          'id'     : id,","          'method' : method,","          'params' : params,","          'jsonrpc': '2.0'","        });","","        var headers = {};","","        this._authHeader(headers);","","        // Then we build some basic headers.","        headers['Host'] = this.host;","        headers['Content-Length'] = Buffer.byteLength(requestJSON, 'utf8');","","        // Now we'll make a request to the server","        var options = {","          hostname: this.host,","          port    : this.port,","          path    : opts.path || '/',","          method  : 'POST',","          headers : headers","        };","        var request;","        if(opts.https === true) {","          if(opts.rejectUnauthorized !== undefined) {","            options.rejectUnauthorized = opts.rejectUnauthorized;","          }","          request = https.request(options);","        } else {","          request = http.request(options);","        }","","","        // Report errors from the http client. This also prevents crashes since","        // an exception is thrown if we don't handle this event.","        request.on('error', function requestError(err){","          callback(err);","        });","        request.write(requestJSON);","        request.on('response', function requestResponse(response){","          callback.call(self, id, request, response);","        });","      },","      connectWebsocket: function(callback){","        var self = this, conn, socket, parser, headers = {};","","        if (!/^wss?:\\/\\//i.test(self.host)) {","          self.host = 'ws://' + self.host + ':' + self.port + '/';","        }","","        this._authHeader(headers);","","        socket = new WebSocket.Client(self.host, null, {headers: headers});","","        conn = new WebSocketConnection(self, socket);","","        parser = new JsonParser();","","        parser.onValue = function parseOnValue(decoded){","          if (this.stack.length) {","            return;","          }","","          conn.handleMessage(decoded);","        };","","        socket.on('error', function socketError(event){","          callback(event.reason);","        });","","        socket.on('open', function socketOpen(){","          callback(null, conn);","        });","","        socket.on('message', function socketMessage(event){","          try {","            parser.write(event.data);","          } catch (err) {","            EventEmitter.trace('<--', err.toString());","          }","        });","","        return conn;","      },","      /**","       * Make Socket connection.","       *","       * This implements JSON-RPC over a raw socket. This mode allows us to send and","       * receive as many messages as we like once the socket is established.","       */","      connectSocket: function (callback){","        var self = this, socket, conn, parser;","","        socket = net.connect(this.port, this.host, function netConnect(){","          // Submit non-standard 'auth' message for raw sockets.","          if (!_.isEmpty(self.user) && !_.isEmpty(self.password)) {","            conn.call('auth', [self.user, self.password], function connectionAuth(err){","              if (err) {","                callback(err);","              } else {","                callback(null, conn);","              }","            });","            return;","          }","","          if (_.isFunction(callback)) {","            callback(null, conn);","          }","        });","","        conn = new SocketConnection(self, socket);","        parser = new JsonParser();","","        parser.onValue = function parseOnValue(decoded){","          if (this.stack.length) {","            return;","          }","","          conn.handleMessage(decoded);","        };","","        socket.on('data', function socketData(chunk){","          try {","            parser.write(chunk);","          } catch (err) {","            EventEmitter.trace('<--', err.toString());","          }","        });","","        return conn;","      },","      stream       : function (method, params, opts, callback){","        if (_.isFunction(opts)) {","          callback = opts;","          opts = {};","        }","        opts = opts || {};","","        this.connectHttp(method, params, opts, function connectHttp(id, request, response){","          if (_.isFunction(callback)) {","            var connection = new EventEmitter();","","            connection.id = id;","            connection.req = request;","            connection.res = response;","","            connection.expose = function connectionExpose(method, callback){","              connection.on('call:' + method, function connectionCall(data){","                callback.call(null, data.params || []);","              });","            };","","            connection.end = function connectionEnd(){","              this.req.connection.end();","            };","","            // We need to buffer the response chunks in a nonblocking way.","            var parser = new JsonParser();","            parser.onValue = function (decoded){","              if (this.stack.length) {","                return;","              }","","              connection.emit('data', decoded);","              if (","                decoded.hasOwnProperty('result') ||","                  decoded.hasOwnProperty('error') &&","                    decoded.id === id && _.isFunction(callback)","                ) {","                connection.emit('result', decoded);","              }","              else if (decoded.hasOwnProperty('method')) {","                connection.emit('call:' + decoded.method, decoded);","              }","            };","","            if (response) {","              // Handle headers","              connection.res.once('data', function connectionOnce(data){","                if (connection.res.statusCode === 200) {","                  callback(null, connection);","                } else {","                  callback(new Error('\"' + connection.res.statusCode + '\"' + data));","                }","              });","","              connection.res.on('data', function connectionData(chunk){","                try {","                  parser.write(chunk);","                } catch (err) {","                  // TODO: Is ignoring invalid data the right thing to do?","                }","              });","","              connection.res.on('end', function connectionEnd(){","                // TODO: Issue an error if there has been no valid response message","              });","            }","          }","        });","      },","      call         : function (method, params, opts, callback){","        if (_.isFunction(opts)) {","          callback = opts;","          opts = {};","        }","        opts = opts || {};","        EventEmitter.trace('-->', 'Http call (method ' + method + '): ' + JSON.stringify(params));","","        this.connectHttp(method, params, opts, function connectHttp(id, request, response){","          // Check if response object exists.","          if (!response) {","            callback(new Error('Have no response object'));","            return;","          }","","          var data = '';","","          response.on('data', function responseData(chunk){","            data += chunk;","          });","","          response.on('end', function responseEnd(){","            if (response.statusCode !== 200) {","              callback(new Error('\"' + response.statusCode + '\"' + data))","              ;","              return;","            }","            var decoded = JSON.parse(data);","            if (_.isFunction(callback)) {","              if (!decoded.error) {","                decoded.error = null;","              }","              callback(decoded.error, decoded.result);","            }","          });","        });","      }","    });","","  return Client;","};",""],"l":{"1":1,"4":1,"20":0,"22":0,"23":0,"24":0,"25":0,"28":0,"29":0,"30":0,"40":0,"41":0,"42":0,"44":0,"46":0,"49":0,"56":0,"58":0,"61":0,"62":0,"65":0,"72":0,"73":0,"74":0,"75":0,"77":0,"79":0,"85":0,"86":0,"88":0,"89":0,"90":0,"94":0,"96":0,"97":0,"100":0,"102":0,"104":0,"106":0,"108":0,"109":0,"110":0,"113":0,"116":0,"117":0,"120":0,"121":0,"124":0,"125":0,"126":0,"128":0,"132":0,"141":0,"143":0,"145":0,"146":0,"147":0,"148":0,"150":0,"153":0,"156":0,"157":0,"161":0,"162":0,"164":0,"165":0,"166":0,"169":0,"172":0,"173":0,"174":0,"176":0,"180":0,"183":0,"184":0,"185":0,"187":0,"189":0,"190":0,"191":0,"193":0,"194":0,"195":0,"197":0,"198":0,"199":0,"203":0,"204":0,"208":0,"209":0,"210":0,"211":0,"214":0,"215":0,"220":0,"222":0,"223":0,"227":0,"229":0,"230":0,"231":0,"233":0,"237":0,"238":0,"239":0,"245":0,"253":0,"254":0,"255":0,"257":0,"258":0,"260":0,"262":0,"263":0,"264":0,"267":0,"269":0,"270":0,"273":0,"274":0,"275":0,"277":0,"279":0,"280":0,"281":0,"282":0,"284":0,"291":1}}}